This is pdfTeX, Version 3.14159265-2.6-1.40.18 (TeX Live 2017/W32TeX) (preloaded format=pdflatex 2018.1.9)  21 JUN 2018 15:52
entering extended mode
 restricted \write18 enabled.
 %&-line parsing enabled.
**./hodges2018wildland_blinded.tex
(./hodges2018wildland_blinded.tex
LaTeX2e <2017-04-15>
Babel <3.16> and hyphenation patterns for 84 language(s) loaded.
(c:/texlive/2017/texmf-dist/tex/latex/base/fix-cm.sty
Package: fix-cm 2015/01/14 v1.1t fixes to LaTeX

(c:/texlive/2017/texmf-dist/tex/latex/base/ts1enc.def
File: ts1enc.def 2001/06/05 v3.0e (jk/car/fm) Standard LaTeX file
)) (./svjour3.cls
Document Class: svjour3 2007/05/08 v3.2 
LaTeX document class for Springer journals
Class Springer-SVJour3 Info: extra/valid Springer sub-package (-> *.clo) 
(Springer-SVJour3)           not found in option list of \documentclass
(Springer-SVJour3)           - autoactivating "global" style.
(./svglov3.clo
File: svglov3.clo 2009/12/18 v3.2 style option for standardised journals

SVJour Class option: svglov3.clo for standardised journals
)
LaTeX Font Info:    Redeclaring math symbol \Gamma on input line 147.
LaTeX Font Info:    Redeclaring math symbol \Delta on input line 148.
LaTeX Font Info:    Redeclaring math symbol \Theta on input line 149.
LaTeX Font Info:    Redeclaring math symbol \Lambda on input line 150.
LaTeX Font Info:    Redeclaring math symbol \Xi on input line 151.
LaTeX Font Info:    Redeclaring math symbol \Pi on input line 152.
LaTeX Font Info:    Redeclaring math symbol \Sigma on input line 153.
LaTeX Font Info:    Redeclaring math symbol \Upsilon on input line 154.
LaTeX Font Info:    Redeclaring math symbol \Phi on input line 155.
LaTeX Font Info:    Redeclaring math symbol \Psi on input line 156.
LaTeX Font Info:    Redeclaring math symbol \Omega on input line 157.
\logodepth=\dimen102
\headerboxheight=\dimen103
\betweenumberspace=\dimen104
\aftertext=\dimen105
\headlineindent=\dimen106
\c@inst=\count79
\c@auth=\count80
\instindent=\dimen107
\authrun=\box26
\authorrunning=\toks14
\titrun=\box27
\titlerunning=\toks15
\combirun=\box28
\c@lastpage=\count81
\rubricwidth=\dimen108
\c@section=\count82
\c@subsection=\count83
\c@subsubsection=\count84
\c@paragraph=\count85
\c@subparagraph=\count86
\spthmsep=\dimen109
\c@theorem=\count87
\c@case=\count88
\c@conjecture=\count89
\c@corollary=\count90
\c@definition=\count91
\c@example=\count92
\c@exercise=\count93
\c@lemma=\count94
\c@note=\count95
\c@problem=\count96
\c@property=\count97
\c@proposition=\count98
\c@question=\count99
\c@solution=\count100
\c@remark=\count101
\c@figure=\count102
\c@table=\count103
\abovecaptionskip=\skip41
\belowcaptionskip=\skip42
\figcapgap=\dimen110
\tabcapgap=\dimen111
\figgap=\dimen112
\bibindent=\dimen113
\@tempcntc=\count104
) (c:/texlive/2017/texmf-dist/tex/latex/tools/layout.sty
Package: layout 2014/10/28 v1.2c Show layout parameters
\oneinch=\count105
\cnt@paperwidth=\count106
\cnt@paperheight=\count107
\cnt@hoffset=\count108
\cnt@voffset=\count109
\cnt@textheight=\count110
\cnt@textwidth=\count111
\cnt@topmargin=\count112
\cnt@oddsidemargin=\count113
\cnt@evensidemargin=\count114
\cnt@headheight=\count115
\cnt@headsep=\count116
\cnt@marginparsep=\count117
\cnt@marginparwidth=\count118
\cnt@marginparpush=\count119
\cnt@footskip=\count120
\fheight=\count121
\ref@top=\count122
\ref@hoffset=\count123
\ref@voffset=\count124
\ref@head=\count125
\ref@body=\count126
\ref@foot=\count127
\ref@margin=\count128
\ref@marginwidth=\count129
\ref@marginpar=\count130
\Interval=\count131
\ExtraYPos=\count132
\PositionX=\count133
\PositionY=\count134
\ArrowLength=\count135
)
(c:/texlive/2017/texmf-dist/tex/latex/graphics/graphicx.sty
Package: graphicx 2017/06/01 v1.1a Enhanced LaTeX Graphics (DPC,SPQR)

(c:/texlive/2017/texmf-dist/tex/latex/graphics/keyval.sty
Package: keyval 2014/10/28 v1.15 key=value parser (DPC)
\KV@toks@=\toks16
)
(c:/texlive/2017/texmf-dist/tex/latex/graphics/graphics.sty
Package: graphics 2017/06/25 v1.2c Standard LaTeX Graphics (DPC,SPQR)

(c:/texlive/2017/texmf-dist/tex/latex/graphics/trig.sty
Package: trig 2016/01/03 v1.10 sin cos tan (DPC)
)
(c:/texlive/2017/texmf-dist/tex/latex/graphics-cfg/graphics.cfg
File: graphics.cfg 2016/06/04 v1.11 sample graphics configuration
)
Package graphics Info: Driver file: pdftex.def on input line 99.

(c:/texlive/2017/texmf-dist/tex/latex/graphics-def/pdftex.def
File: pdftex.def 2018/01/01 v1.0k Graphics/color driver for pdftex
))
\Gin@req@height=\dimen114
\Gin@req@width=\dimen115
)
(./hodges2018wildland_blinded.aux)
\openout1 = `hodges2018wildland_blinded.aux'.

LaTeX Font Info:    Checking defaults for OML/cmm/m/it on input line 43.
LaTeX Font Info:    ... okay on input line 43.
LaTeX Font Info:    Checking defaults for T1/cmr/m/n on input line 43.
LaTeX Font Info:    ... okay on input line 43.
LaTeX Font Info:    Checking defaults for OT1/cmr/m/n on input line 43.
LaTeX Font Info:    ... okay on input line 43.
LaTeX Font Info:    Checking defaults for OMS/cmsy/m/n on input line 43.
LaTeX Font Info:    ... okay on input line 43.
LaTeX Font Info:    Checking defaults for OMX/cmex/m/n on input line 43.
LaTeX Font Info:    ... okay on input line 43.
LaTeX Font Info:    Checking defaults for U/cmr/m/n on input line 43.
LaTeX Font Info:    ... okay on input line 43.
LaTeX Font Info:    Checking defaults for TS1/cmr/m/n on input line 43.
LaTeX Font Info:    ... okay on input line 43.

(c:/texlive/2017/texmf-dist/tex/context/base/mkii/supp-pdf.mkii
[Loading MPS to PDF converter (version 2006.09.02).]
\scratchcounter=\count136
\scratchdimen=\dimen116
\scratchbox=\box29
\nofMPsegments=\count137
\nofMParguments=\count138
\everyMPshowfont=\toks17
\MPscratchCnt=\count139
\MPscratchDim=\dimen117
\MPnumerator=\count140
\makeMPintoPDFobject=\count141
\everyMPtoPDFconversion=\toks18
) (c:/texlive/2017/texmf-dist/tex/latex/oberdiek/epstopdf-base.sty
Package: epstopdf-base 2016/05/15 v2.6 Base part for package epstopdf

(c:/texlive/2017/texmf-dist/tex/generic/oberdiek/infwarerr.sty
Package: infwarerr 2016/05/16 v1.4 Providing info/warning/error messages (HO)
)
(c:/texlive/2017/texmf-dist/tex/latex/oberdiek/grfext.sty
Package: grfext 2016/05/16 v1.2 Manage graphics extensions (HO)

(c:/texlive/2017/texmf-dist/tex/generic/oberdiek/kvdefinekeys.sty
Package: kvdefinekeys 2016/05/16 v1.4 Define keys (HO)

(c:/texlive/2017/texmf-dist/tex/generic/oberdiek/ltxcmds.sty
Package: ltxcmds 2016/05/16 v1.23 LaTeX kernel commands for general use (HO)
)))
(c:/texlive/2017/texmf-dist/tex/latex/oberdiek/kvoptions.sty
Package: kvoptions 2016/05/16 v3.12 Key value format for package options (HO)

(c:/texlive/2017/texmf-dist/tex/generic/oberdiek/kvsetkeys.sty
Package: kvsetkeys 2016/05/16 v1.17 Key value parser (HO)

(c:/texlive/2017/texmf-dist/tex/generic/oberdiek/etexcmds.sty
Package: etexcmds 2016/05/16 v1.6 Avoid name clashes with e-TeX commands (HO)

(c:/texlive/2017/texmf-dist/tex/generic/oberdiek/ifluatex.sty
Package: ifluatex 2016/05/16 v1.4 Provides the ifluatex switch (HO)
Package ifluatex Info: LuaTeX not detected.
)
Package etexcmds Info: Could not find \expanded.
(etexcmds)             That can mean that you are not using pdfTeX 1.50 or
(etexcmds)             that some package has redefined \expanded.
(etexcmds)             In the latter case, load this package earlier.
)))
(c:/texlive/2017/texmf-dist/tex/generic/oberdiek/pdftexcmds.sty
Package: pdftexcmds 2017/03/19 v0.25 Utility functions of pdfTeX for LuaTeX (HO
)

(c:/texlive/2017/texmf-dist/tex/generic/oberdiek/ifpdf.sty
Package: ifpdf 2017/03/15 v3.2 Provides the ifpdf switch
)
Package pdftexcmds Info: LuaTeX not detected.
Package pdftexcmds Info: \pdf@primitive is available.
Package pdftexcmds Info: \pdf@ifprimitive is available.
Package pdftexcmds Info: \pdfdraftmode found.
)
Package epstopdf-base Info: Redefining graphics rule for `.eps' on input line 4
38.
Package grfext Info: Graphics extension search list:
(grfext)             [.pdf,.png,.jpg,.mps,.jpeg,.jbig2,.jb2,.PDF,.PNG,.JPG,.JPE
G,.JBIG2,.JB2,.eps]
(grfext)             \AppendGraphicsExtensions on input line 456.

(c:/texlive/2017/texmf-dist/tex/latex/latexconfig/epstopdf-sys.cfg
File: epstopdf-sys.cfg 2010/07/13 v1.3 Configuration of (r)epstopdf for TeX Liv
e
))
LaTeX Font Info:    External font `cmex10' loaded for size
(Font)              <8> on input line 54.
LaTeX Font Info:    External font `cmex10' loaded for size
(Font)              <6> on input line 54.
LaTeX Font Info:    External font `cmex10' loaded for size
(Font)              <5> on input line 54.
LaTeX Font Info:    Calculating math sizes for size <9.5> on input line 54.
LaTeX Font Info:    External font `cmex10' loaded for size
(Font)              <9.5> on input line 54.
LaTeX Font Info:    External font `cmex10' loaded for size
(Font)              <6.64996> on input line 54.
LaTeX Font Info:    External font `cmex10' loaded for size
(Font)              <4.75> on input line 54.
 [1{c:/texlive/2017/texmf-var/fonts/map/pdftex/updmap/pdftex.map}] [2]
Package epstopdf Info: Source file: <figs/Fig1.eps>
(epstopdf)                    date: 2018-06-21 11:35:30
(epstopdf)                    size: 1002350 bytes
(epstopdf)             Output file: <figs/Fig1-eps-converted-to.pdf>
(epstopdf)                    date: 2018-06-21 15:51:57
(epstopdf)                    size: 25910 bytes
(epstopdf)             Command: <repstopdf --outfile=figs/Fig1-eps-converted-to
.pdf figs/Fig1.eps>
(epstopdf)             \includegraphics on input line 217.
Package epstopdf Info: Output file is already uptodate.
<figs/Fig1-eps-converted-to.pdf, id=16, 1156.32pt x 578.16pt>
File: figs/Fig1-eps-converted-to.pdf Graphic file (type pdf)
<use figs/Fig1-eps-converted-to.pdf>
Package pdftex.def Info: figs/Fig1-eps-converted-to.pdf  used on input line 217
.
(pdftex.def)             Requested size: 343.5319pt x 171.76433pt.
 [3] [4 <./figs/Fig1-eps-converted-to.pdf>]
Package epstopdf Info: Source file: <figs/Fig2.eps>
(epstopdf)                    date: 2018-06-21 11:35:32
(epstopdf)                    size: 2486252 bytes
(epstopdf)             Output file: <figs/Fig2-eps-converted-to.pdf>
(epstopdf)                    date: 2018-06-21 15:51:59
(epstopdf)                    size: 11716 bytes
(epstopdf)             Command: <repstopdf --outfile=figs/Fig2-eps-converted-to
.pdf figs/Fig2.eps>
(epstopdf)             \includegraphics on input line 329.
Package epstopdf Info: Output file is already uptodate.
<figs/Fig2-eps-converted-to.pdf, id=46, 867.24pt x 867.24pt>
File: figs/Fig2-eps-converted-to.pdf Graphic file (type pdf)
<use figs/Fig2-eps-converted-to.pdf>
Package pdftex.def Info: figs/Fig2-eps-converted-to.pdf  used on input line 329
.
(pdftex.def)             Requested size: 156.14894pt x 156.1494pt.
 [5 <./figs/Fig2-eps-converted-to.pdf>]
Package epstopdf Info: Source file: <figs/Fig3.eps>
(epstopdf)                    date: 2018-06-21 11:57:02
(epstopdf)                    size: 38058 bytes
(epstopdf)             Output file: <figs/Fig3-eps-converted-to.pdf>
(epstopdf)                    date: 2018-06-21 15:52:00
(epstopdf)                    size: 10671 bytes
(epstopdf)             Command: <repstopdf --outfile=figs/Fig3-eps-converted-to
.pdf figs/Fig3.eps>
(epstopdf)             \includegraphics on input line 417.
Package epstopdf Info: Output file is already uptodate.
<figs/Fig3-eps-converted-to.pdf, id=57, 569.12625pt x 125.46875pt>
File: figs/Fig3-eps-converted-to.pdf Graphic file (type pdf)
<use figs/Fig3-eps-converted-to.pdf>
Package pdftex.def Info: figs/Fig3-eps-converted-to.pdf  used on input line 417
.
(pdftex.def)             Requested size: 329.64894pt x 72.6762pt.
 [6] [7 <./figs/Fig3-eps-converted-to.pdf>]
Package epstopdf Info: Source file: <figs/Fig4.eps>
(epstopdf)                    date: 2018-06-21 14:26:56
(epstopdf)                    size: 11434 bytes
(epstopdf)             Output file: <figs/Fig4-eps-converted-to.pdf>
(epstopdf)                    date: 2018-06-21 15:52:02
(epstopdf)                    size: 6198 bytes
(epstopdf)             Command: <repstopdf --outfile=figs/Fig4-eps-converted-to
.pdf figs/Fig4.eps>
(epstopdf)             \includegraphics on input line 514.
Package epstopdf Info: Output file is already uptodate.
<figs/Fig4-eps-converted-to.pdf, id=70, 867.24pt x 867.24pt>
File: figs/Fig4-eps-converted-to.pdf Graphic file (type pdf)
<use figs/Fig4-eps-converted-to.pdf>
Package pdftex.def Info: figs/Fig4-eps-converted-to.pdf  used on input line 514
.
(pdftex.def)             Requested size: 156.14894pt x 156.1494pt.
Package epstopdf Info: Source file: <figs/Fig5a.eps>
(epstopdf)                    date: 2018-06-21 14:03:48
(epstopdf)                    size: 3317837 bytes
(epstopdf)             Output file: <figs/Fig5a-eps-converted-to.pdf>
(epstopdf)                    date: 2018-06-21 15:52:03
(epstopdf)                    size: 23861 bytes
(epstopdf)             Command: <repstopdf --outfile=figs/Fig5a-eps-converted-t
o.pdf figs/Fig5a.eps>
(epstopdf)             \includegraphics on input line 522.
Package epstopdf Info: Output file is already uptodate.
<figs/Fig5a-eps-converted-to.pdf, id=71, 1156.32pt x 867.24pt>
File: figs/Fig5a-eps-converted-to.pdf Graphic file (type pdf)
<use figs/Fig5a-eps-converted-to.pdf>
Package pdftex.def Info: figs/Fig5a-eps-converted-to.pdf  used on input line 52
2.
(pdftex.def)             Requested size: 159.62233pt x 119.70572pt.
Package epstopdf Info: Source file: <figs/Fig5b.eps>
(epstopdf)                    date: 2018-06-21 14:03:48
(epstopdf)                    size: 3317843 bytes
(epstopdf)             Output file: <figs/Fig5b-eps-converted-to.pdf>
(epstopdf)                    date: 2018-06-21 15:52:05
(epstopdf)                    size: 12812 bytes
(epstopdf)             Command: <repstopdf --outfile=figs/Fig5b-eps-converted-t
o.pdf figs/Fig5b.eps>
(epstopdf)             \includegraphics on input line 524.
Package epstopdf Info: Output file is already uptodate.
<figs/Fig5b-eps-converted-to.pdf, id=72, 1156.32pt x 867.24pt>
File: figs/Fig5b-eps-converted-to.pdf Graphic file (type pdf)
<use figs/Fig5b-eps-converted-to.pdf>
Package pdftex.def Info: figs/Fig5b-eps-converted-to.pdf  used on input line 52
4.
(pdftex.def)             Requested size: 159.62233pt x 119.70572pt.
Package epstopdf Info: Source file: <figs/Fig6a1.eps>
(epstopdf)                    date: 2018-06-21 14:03:48
(epstopdf)                    size: 3219153 bytes
(epstopdf)             Output file: <figs/Fig6a1-eps-converted-to.pdf>
(epstopdf)                    date: 2018-06-21 15:52:06
(epstopdf)                    size: 10583 bytes
(epstopdf)             Command: <repstopdf --outfile=figs/Fig6a1-eps-converted-
to.pdf figs/Fig6a1.eps>
(epstopdf)             \includegraphics on input line 559.
Package epstopdf Info: Output file is already uptodate.
<figs/Fig6a1-eps-converted-to.pdf, id=73, 867.24pt x 867.24pt>
File: figs/Fig6a1-eps-converted-to.pdf Graphic file (type pdf)
<use figs/Fig6a1-eps-converted-to.pdf>
Package pdftex.def Info: figs/Fig6a1-eps-converted-to.pdf  used on input line 5
59.
(pdftex.def)             Requested size: 95.76721pt x 95.77095pt.
Package epstopdf Info: Source file: <figs/Fig6b1.eps>
(epstopdf)                    date: 2018-06-21 14:03:48
(epstopdf)                    size: 3317843 bytes
(epstopdf)             Output file: <figs/Fig6b1-eps-converted-to.pdf>
(epstopdf)                    date: 2018-06-21 15:52:08
(epstopdf)                    size: 12812 bytes
(epstopdf)             Command: <repstopdf --outfile=figs/Fig6b1-eps-converted-
to.pdf figs/Fig6b1.eps>
(epstopdf)             \includegraphics on input line 561.
Package epstopdf Info: Output file is already uptodate.
<figs/Fig6b1-eps-converted-to.pdf, id=74, 1156.32pt x 867.24pt>
File: figs/Fig6b1-eps-converted-to.pdf Graphic file (type pdf)
<use figs/Fig6b1-eps-converted-to.pdf>
Package pdftex.def Info: figs/Fig6b1-eps-converted-to.pdf  used on input line 5
61.
(pdftex.def)             Requested size: 127.68962pt x 95.77095pt.
Package epstopdf Info: Source file: <figs/Fig6c1.eps>
(epstopdf)                    date: 2018-06-21 14:03:48
(epstopdf)                    size: 3218413 bytes
(epstopdf)             Output file: <figs/Fig6c1-eps-converted-to.pdf>
(epstopdf)                    date: 2018-06-21 15:52:09
(epstopdf)                    size: 8630 bytes
(epstopdf)             Command: <repstopdf --outfile=figs/Fig6c1-eps-converted-
to.pdf figs/Fig6c1.eps>
(epstopdf)             \includegraphics on input line 563.
Package epstopdf Info: Output file is already uptodate.
<figs/Fig6c1-eps-converted-to.pdf, id=75, 867.24pt x 867.24pt>
File: figs/Fig6c1-eps-converted-to.pdf Graphic file (type pdf)
<use figs/Fig6c1-eps-converted-to.pdf>
Package pdftex.def Info: figs/Fig6c1-eps-converted-to.pdf  used on input line 5
63.
(pdftex.def)             Requested size: 95.76721pt x 95.77095pt.
Package epstopdf Info: Source file: <figs/Fig6a2.eps>
(epstopdf)                    date: 2018-06-21 14:03:48
(epstopdf)                    size: 3219153 bytes
(epstopdf)             Output file: <figs/Fig6a2-eps-converted-to.pdf>
(epstopdf)                    date: 2018-06-21 15:52:10
(epstopdf)                    size: 9395 bytes
(epstopdf)             Command: <repstopdf --outfile=figs/Fig6a2-eps-converted-
to.pdf figs/Fig6a2.eps>
(epstopdf)             \includegraphics on input line 565.
Package epstopdf Info: Output file is already uptodate.
<figs/Fig6a2-eps-converted-to.pdf, id=76, 867.24pt x 867.24pt>
File: figs/Fig6a2-eps-converted-to.pdf Graphic file (type pdf)
<use figs/Fig6a2-eps-converted-to.pdf>
Package pdftex.def Info: figs/Fig6a2-eps-converted-to.pdf  used on input line 5
65.
(pdftex.def)             Requested size: 95.76721pt x 95.77095pt.
Package epstopdf Info: Source file: <figs/Fig6b2.eps>
(epstopdf)                    date: 2018-06-21 14:03:50
(epstopdf)                    size: 3317843 bytes
(epstopdf)             Output file: <figs/Fig6b2-eps-converted-to.pdf>
(epstopdf)                    date: 2018-06-21 15:52:12
(epstopdf)                    size: 10635 bytes
(epstopdf)             Command: <repstopdf --outfile=figs/Fig6b2-eps-converted-
to.pdf figs/Fig6b2.eps>
(epstopdf)             \includegraphics on input line 567.
Package epstopdf Info: Output file is already uptodate.
<figs/Fig6b2-eps-converted-to.pdf, id=77, 1156.32pt x 867.24pt>
File: figs/Fig6b2-eps-converted-to.pdf Graphic file (type pdf)
<use figs/Fig6b2-eps-converted-to.pdf>
Package pdftex.def Info: figs/Fig6b2-eps-converted-to.pdf  used on input line 5
67.
(pdftex.def)             Requested size: 127.68962pt x 95.77095pt.
Package epstopdf Info: Source file: <figs/Fig6c2.eps>
(epstopdf)                    date: 2018-06-21 14:03:50
(epstopdf)                    size: 3218413 bytes
(epstopdf)             Output file: <figs/Fig6c2-eps-converted-to.pdf>
(epstopdf)                    date: 2018-06-21 15:52:13
(epstopdf)                    size: 8314 bytes
(epstopdf)             Command: <repstopdf --outfile=figs/Fig6c2-eps-converted-
to.pdf figs/Fig6c2.eps>
(epstopdf)             \includegraphics on input line 569.
Package epstopdf Info: Output file is already uptodate.
<figs/Fig6c2-eps-converted-to.pdf, id=78, 867.24pt x 867.24pt>
File: figs/Fig6c2-eps-converted-to.pdf Graphic file (type pdf)
<use figs/Fig6c2-eps-converted-to.pdf>
Package pdftex.def Info: figs/Fig6c2-eps-converted-to.pdf  used on input line 5
69.
(pdftex.def)             Requested size: 95.76721pt x 95.77095pt.
Package epstopdf Info: Source file: <figs/Fig6a3.eps>
(epstopdf)                    date: 2018-06-21 14:03:50
(epstopdf)                    size: 3219153 bytes
(epstopdf)             Output file: <figs/Fig6a3-eps-converted-to.pdf>
(epstopdf)                    date: 2018-06-21 15:52:15
(epstopdf)                    size: 10978 bytes
(epstopdf)             Command: <repstopdf --outfile=figs/Fig6a3-eps-converted-
to.pdf figs/Fig6a3.eps>
(epstopdf)             \includegraphics on input line 571.
Package epstopdf Info: Output file is already uptodate.
<figs/Fig6a3-eps-converted-to.pdf, id=79, 867.24pt x 867.24pt>
File: figs/Fig6a3-eps-converted-to.pdf Graphic file (type pdf)
<use figs/Fig6a3-eps-converted-to.pdf>
Package pdftex.def Info: figs/Fig6a3-eps-converted-to.pdf  used on input line 5
71.
(pdftex.def)             Requested size: 95.76721pt x 95.77095pt.
Package epstopdf Info: Source file: <figs/Fig6b3.eps>
(epstopdf)                    date: 2018-06-21 14:03:50
(epstopdf)                    size: 3317843 bytes
(epstopdf)             Output file: <figs/Fig6b3-eps-converted-to.pdf>
(epstopdf)                    date: 2018-06-21 15:52:16
(epstopdf)                    size: 15189 bytes
(epstopdf)             Command: <repstopdf --outfile=figs/Fig6b3-eps-converted-
to.pdf figs/Fig6b3.eps>
(epstopdf)             \includegraphics on input line 573.
Package epstopdf Info: Output file is already uptodate.
<figs/Fig6b3-eps-converted-to.pdf, id=80, 1156.32pt x 867.24pt>
File: figs/Fig6b3-eps-converted-to.pdf Graphic file (type pdf)
<use figs/Fig6b3-eps-converted-to.pdf>
Package pdftex.def Info: figs/Fig6b3-eps-converted-to.pdf  used on input line 5
73.
(pdftex.def)             Requested size: 127.68962pt x 95.77095pt.
Package epstopdf Info: Source file: <figs/Fig6c3.eps>
(epstopdf)                    date: 2018-06-21 14:03:50
(epstopdf)                    size: 3218413 bytes
(epstopdf)             Output file: <figs/Fig6c3-eps-converted-to.pdf>
(epstopdf)                    date: 2018-06-21 15:52:18
(epstopdf)                    size: 8853 bytes
(epstopdf)             Command: <repstopdf --outfile=figs/Fig6c3-eps-converted-
to.pdf figs/Fig6c3.eps>
(epstopdf)             \includegraphics on input line 575.
Package epstopdf Info: Output file is already uptodate.
<figs/Fig6c3-eps-converted-to.pdf, id=81, 867.24pt x 867.24pt>
File: figs/Fig6c3-eps-converted-to.pdf Graphic file (type pdf)
<use figs/Fig6c3-eps-converted-to.pdf>
Package pdftex.def Info: figs/Fig6c3-eps-converted-to.pdf  used on input line 5
75.
(pdftex.def)             Requested size: 95.76721pt x 95.77095pt.
Package epstopdf Info: Source file: <figs/Fig6a4.eps>
(epstopdf)                    date: 2018-06-21 14:03:50
(epstopdf)                    size: 3219153 bytes
(epstopdf)             Output file: <figs/Fig6a4-eps-converted-to.pdf>
(epstopdf)                    date: 2018-06-21 15:52:20
(epstopdf)                    size: 9255 bytes
(epstopdf)             Command: <repstopdf --outfile=figs/Fig6a4-eps-converted-
to.pdf figs/Fig6a4.eps>
(epstopdf)             \includegraphics on input line 577.
Package epstopdf Info: Output file is already uptodate.
<figs/Fig6a4-eps-converted-to.pdf, id=82, 867.24pt x 867.24pt>
File: figs/Fig6a4-eps-converted-to.pdf Graphic file (type pdf)
<use figs/Fig6a4-eps-converted-to.pdf>
Package pdftex.def Info: figs/Fig6a4-eps-converted-to.pdf  used on input line 5
77.
(pdftex.def)             Requested size: 95.76721pt x 95.77095pt.
Package epstopdf Info: Source file: <figs/Fig6b4.eps>
(epstopdf)                    date: 2018-06-21 14:03:50
(epstopdf)                    size: 3317843 bytes
(epstopdf)             Output file: <figs/Fig6b4-eps-converted-to.pdf>
(epstopdf)                    date: 2018-06-21 15:52:21
(epstopdf)                    size: 10447 bytes
(epstopdf)             Command: <repstopdf --outfile=figs/Fig6b4-eps-converted-
to.pdf figs/Fig6b4.eps>
(epstopdf)             \includegraphics on input line 579.
Package epstopdf Info: Output file is already uptodate.
<figs/Fig6b4-eps-converted-to.pdf, id=83, 1156.32pt x 867.24pt>
File: figs/Fig6b4-eps-converted-to.pdf Graphic file (type pdf)
<use figs/Fig6b4-eps-converted-to.pdf>
Package pdftex.def Info: figs/Fig6b4-eps-converted-to.pdf  used on input line 5
79.
(pdftex.def)             Requested size: 127.68962pt x 95.77095pt.
Package epstopdf Info: Source file: <figs/Fig6c4.eps>
(epstopdf)                    date: 2018-06-21 14:03:52
(epstopdf)                    size: 3218413 bytes
(epstopdf)             Output file: <figs/Fig6c4-eps-converted-to.pdf>
(epstopdf)                    date: 2018-06-21 15:52:23
(epstopdf)                    size: 8266 bytes
(epstopdf)             Command: <repstopdf --outfile=figs/Fig6c4-eps-converted-
to.pdf figs/Fig6c4.eps>
(epstopdf)             \includegraphics on input line 581.
Package epstopdf Info: Output file is already uptodate.
<figs/Fig6c4-eps-converted-to.pdf, id=84, 867.24pt x 867.24pt>
File: figs/Fig6c4-eps-converted-to.pdf Graphic file (type pdf)
<use figs/Fig6c4-eps-converted-to.pdf>
Package pdftex.def Info: figs/Fig6c4-eps-converted-to.pdf  used on input line 5
81.
(pdftex.def)             Requested size: 95.76721pt x 95.77095pt.
Package epstopdf Info: Source file: <figs/Fig6a5.eps>
(epstopdf)                    date: 2018-06-21 14:03:52
(epstopdf)                    size: 3219153 bytes
(epstopdf)             Output file: <figs/Fig6a5-eps-converted-to.pdf>
(epstopdf)                    date: 2018-06-21 15:52:24
(epstopdf)                    size: 9716 bytes
(epstopdf)             Command: <repstopdf --outfile=figs/Fig6a5-eps-converted-
to.pdf figs/Fig6a5.eps>
(epstopdf)             \includegraphics on input line 583.
Package epstopdf Info: Output file is already uptodate.
<figs/Fig6a5-eps-converted-to.pdf, id=85, 867.24pt x 867.24pt>
File: figs/Fig6a5-eps-converted-to.pdf Graphic file (type pdf)
<use figs/Fig6a5-eps-converted-to.pdf>
Package pdftex.def Info: figs/Fig6a5-eps-converted-to.pdf  used on input line 5
83.
(pdftex.def)             Requested size: 95.76721pt x 95.77095pt.
Package epstopdf Info: Source file: <figs/Fig6b5.eps>
(epstopdf)                    date: 2018-06-21 14:03:52
(epstopdf)                    size: 3317843 bytes
(epstopdf)             Output file: <figs/Fig6b5-eps-converted-to.pdf>
(epstopdf)                    date: 2018-06-21 15:52:25
(epstopdf)                    size: 11370 bytes
(epstopdf)             Command: <repstopdf --outfile=figs/Fig6b5-eps-converted-
to.pdf figs/Fig6b5.eps>
(epstopdf)             \includegraphics on input line 585.
Package epstopdf Info: Output file is already uptodate.
<figs/Fig6b5-eps-converted-to.pdf, id=86, 1156.32pt x 867.24pt>
File: figs/Fig6b5-eps-converted-to.pdf Graphic file (type pdf)
<use figs/Fig6b5-eps-converted-to.pdf>
Package pdftex.def Info: figs/Fig6b5-eps-converted-to.pdf  used on input line 5
85.
(pdftex.def)             Requested size: 127.68962pt x 95.77095pt.
Package epstopdf Info: Source file: <figs/Fig6c5.eps>
(epstopdf)                    date: 2018-06-21 14:03:52
(epstopdf)                    size: 3218413 bytes
(epstopdf)             Output file: <figs/Fig6c5-eps-converted-to.pdf>
(epstopdf)                    date: 2018-06-21 15:52:27
(epstopdf)                    size: 8549 bytes
(epstopdf)             Command: <repstopdf --outfile=figs/Fig6c5-eps-converted-
to.pdf figs/Fig6c5.eps>
(epstopdf)             \includegraphics on input line 587.
Package epstopdf Info: Output file is already uptodate.
<figs/Fig6c5-eps-converted-to.pdf, id=87, 867.24pt x 867.24pt>
File: figs/Fig6c5-eps-converted-to.pdf Graphic file (type pdf)
<use figs/Fig6c5-eps-converted-to.pdf>
Package pdftex.def Info: figs/Fig6c5-eps-converted-to.pdf  used on input line 5
87.
(pdftex.def)             Requested size: 95.76721pt x 95.77095pt.
 [8 <./figs/Fig4-eps-converted-to.pdf>]
Package epstopdf Info: Source file: <figs/Fig7.eps>
(epstopdf)                    date: 2018-06-21 14:35:40
(epstopdf)                    size: 11551 bytes
(epstopdf)             Output file: <figs/Fig7-eps-converted-to.pdf>
(epstopdf)                    date: 2018-06-21 15:52:28
(epstopdf)                    size: 6089 bytes
(epstopdf)             Command: <repstopdf --outfile=figs/Fig7-eps-converted-to
.pdf figs/Fig7.eps>
(epstopdf)             \includegraphics on input line 632.
Package epstopdf Info: Output file is already uptodate.
<figs/Fig7-eps-converted-to.pdf, id=96, 867.24pt x 867.24pt>
File: figs/Fig7-eps-converted-to.pdf Graphic file (type pdf)
<use figs/Fig7-eps-converted-to.pdf>
Package pdftex.def Info: figs/Fig7-eps-converted-to.pdf  used on input line 632
.
(pdftex.def)             Requested size: 156.14894pt x 156.1494pt.
 [9 <./figs/Fig5a-eps-converted-to.pdf> <./figs/Fig5b-eps-converted-to.pdf>] [1
0 <./figs/Fig6a1-eps-converted-to.pdf> <./figs/Fig6b1-eps-converted-to.pdf> <./
figs/Fig6c1-eps-converted-to.pdf> <./figs/Fig6a2-eps-converted-to.pdf> <./figs/
Fig6b2-eps-converted-to.pdf> <./figs/Fig6c2-eps-converted-to.pdf> <./figs/Fig6a
3-eps-converted-to.pdf> <./figs/Fig6b3-eps-converted-to.pdf> <./figs/Fig6c3-eps
-converted-to.pdf> <./figs/Fig6a4-eps-converted-to.pdf> <./figs/Fig6b4-eps-conv
erted-to.pdf> <./figs/Fig6c4-eps-converted-to.pdf> <./figs/Fig6a5-eps-converted
-to.pdf> <./figs/Fig6b5-eps-converted-to.pdf> <./figs/Fig6c5-eps-converted-to.p
df>]
Package epstopdf Info: Source file: <figs/Fig8.eps>
(epstopdf)                    date: 2018-06-21 14:35:40
(epstopdf)                    size: 11780 bytes
(epstopdf)             Output file: <figs/Fig8-eps-converted-to.pdf>
(epstopdf)                    date: 2018-06-21 15:52:30
(epstopdf)                    size: 6315 bytes
(epstopdf)             Command: <repstopdf --outfile=figs/Fig8-eps-converted-to
.pdf figs/Fig8.eps>
(epstopdf)             \includegraphics on input line 688.
Package epstopdf Info: Output file is already uptodate.
<figs/Fig8-eps-converted-to.pdf, id=216, 867.24pt x 867.24pt>
File: figs/Fig8-eps-converted-to.pdf Graphic file (type pdf)
<use figs/Fig8-eps-converted-to.pdf>
Package pdftex.def Info: figs/Fig8-eps-converted-to.pdf  used on input line 688
.
(pdftex.def)             Requested size: 156.14894pt x 156.1494pt.
 [11 <./figs/Fig7-eps-converted-to.pdf> <./figs/Fig8-eps-converted-to.pdf>]
Package epstopdf Info: Source file: <figs/Fig9a1.eps>
(epstopdf)                    date: 2018-06-21 14:41:02
(epstopdf)                    size: 4260690 bytes
(epstopdf)             Output file: <figs/Fig9a1-eps-converted-to.pdf>
(epstopdf)                    date: 2018-06-21 15:52:31
(epstopdf)                    size: 10697 bytes
(epstopdf)             Command: <repstopdf --outfile=figs/Fig9a1-eps-converted-
to.pdf figs/Fig9a1.eps>
(epstopdf)             \includegraphics on input line 755.
Package epstopdf Info: Output file is already uptodate.
<figs/Fig9a1-eps-converted-to.pdf, id=230, 867.24pt x 867.24pt>
File: figs/Fig9a1-eps-converted-to.pdf Graphic file (type pdf)
<use figs/Fig9a1-eps-converted-to.pdf>
Package pdftex.def Info: figs/Fig9a1-eps-converted-to.pdf  used on input line 7
55.
(pdftex.def)             Requested size: 90.12996pt x 90.1404pt.
Package epstopdf Info: Source file: <figs/Fig9b1.eps>
(epstopdf)                    date: 2018-06-21 14:41:04
(epstopdf)                    size: 4149642 bytes
(epstopdf)             Output file: <figs/Fig9b1-eps-converted-to.pdf>
(epstopdf)                    date: 2018-06-21 15:52:33
(epstopdf)                    size: 12311 bytes
(epstopdf)             Command: <repstopdf --outfile=figs/Fig9b1-eps-converted-
to.pdf figs/Fig9b1.eps>
(epstopdf)             \includegraphics on input line 757.
Package epstopdf Info: Output file is already uptodate.
<figs/Fig9b1-eps-converted-to.pdf, id=231, 1084.05pt x 867.24pt>
File: figs/Fig9b1-eps-converted-to.pdf Graphic file (type pdf)
<use figs/Fig9b1-eps-converted-to.pdf>
Package pdftex.def Info: figs/Fig9b1-eps-converted-to.pdf  used on input line 7
57.
(pdftex.def)             Requested size: 112.66245pt x 90.1404pt.
Package epstopdf Info: Source file: <figs/Fig9c1.eps>
(epstopdf)                    date: 2018-06-21 14:41:04
(epstopdf)                    size: 8287 bytes
(epstopdf)             Output file: <figs/Fig9c1-eps-converted-to.pdf>
(epstopdf)                    date: 2018-06-21 15:52:34
(epstopdf)                    size: 5905 bytes
(epstopdf)             Command: <repstopdf --outfile=figs/Fig9c1-eps-converted-
to.pdf figs/Fig9c1.eps>
(epstopdf)             \includegraphics on input line 759.
Package epstopdf Info: Output file is already uptodate.
<figs/Fig9c1-eps-converted-to.pdf, id=232, 1156.32pt x 867.24pt>
File: figs/Fig9c1-eps-converted-to.pdf Graphic file (type pdf)
<use figs/Fig9c1-eps-converted-to.pdf>
Package pdftex.def Info: figs/Fig9c1-eps-converted-to.pdf  used on input line 7
59.
(pdftex.def)             Requested size: 120.17328pt x 90.1404pt.
Package epstopdf Info: Source file: <figs/Fig9a2.eps>
(epstopdf)                    date: 2018-06-21 14:43:00
(epstopdf)                    size: 4260672 bytes
(epstopdf)             Output file: <figs/Fig9a2-eps-converted-to.pdf>
(epstopdf)                    date: 2018-06-21 15:52:35
(epstopdf)                    size: 9225 bytes
(epstopdf)             Command: <repstopdf --outfile=figs/Fig9a2-eps-converted-
to.pdf figs/Fig9a2.eps>
(epstopdf)             \includegraphics on input line 761.
Package epstopdf Info: Output file is already uptodate.
<figs/Fig9a2-eps-converted-to.pdf, id=233, 867.24pt x 867.24pt>
File: figs/Fig9a2-eps-converted-to.pdf Graphic file (type pdf)
<use figs/Fig9a2-eps-converted-to.pdf>
Package pdftex.def Info: figs/Fig9a2-eps-converted-to.pdf  used on input line 7
61.
(pdftex.def)             Requested size: 90.12996pt x 90.1404pt.
Package epstopdf Info: Source file: <figs/Fig9b2.eps>
(epstopdf)                    date: 2018-06-21 14:43:04
(epstopdf)                    size: 4149627 bytes
(epstopdf)             Output file: <figs/Fig9b2-eps-converted-to.pdf>
(epstopdf)                    date: 2018-06-21 15:52:37
(epstopdf)                    size: 11097 bytes
(epstopdf)             Command: <repstopdf --outfile=figs/Fig9b2-eps-converted-
to.pdf figs/Fig9b2.eps>
(epstopdf)             \includegraphics on input line 763.
Package epstopdf Info: Output file is already uptodate.
<figs/Fig9b2-eps-converted-to.pdf, id=234, 1084.05pt x 867.24pt>
File: figs/Fig9b2-eps-converted-to.pdf Graphic file (type pdf)
<use figs/Fig9b2-eps-converted-to.pdf>
Package pdftex.def Info: figs/Fig9b2-eps-converted-to.pdf  used on input line 7
63.
(pdftex.def)             Requested size: 112.66245pt x 90.1404pt.
Package epstopdf Info: Source file: <figs/Fig9c2.eps>
(epstopdf)                    date: 2018-06-21 14:43:04
(epstopdf)                    size: 8268 bytes
(epstopdf)             Output file: <figs/Fig9c2-eps-converted-to.pdf>
(epstopdf)                    date: 2018-06-21 15:52:38
(epstopdf)                    size: 5905 bytes
(epstopdf)             Command: <repstopdf --outfile=figs/Fig9c2-eps-converted-
to.pdf figs/Fig9c2.eps>
(epstopdf)             \includegraphics on input line 765.
Package epstopdf Info: Output file is already uptodate.
<figs/Fig9c2-eps-converted-to.pdf, id=235, 1156.32pt x 867.24pt>
File: figs/Fig9c2-eps-converted-to.pdf Graphic file (type pdf)
<use figs/Fig9c2-eps-converted-to.pdf>
Package pdftex.def Info: figs/Fig9c2-eps-converted-to.pdf  used on input line 7
65.
(pdftex.def)             Requested size: 120.17328pt x 90.1404pt.
Package epstopdf Info: Source file: <figs/Fig9a3.eps>
(epstopdf)                    date: 2018-06-21 14:43:08
(epstopdf)                    size: 4260672 bytes
(epstopdf)             Output file: <figs/Fig9a3-eps-converted-to.pdf>
(epstopdf)                    date: 2018-06-21 15:52:40
(epstopdf)                    size: 9370 bytes
(epstopdf)             Command: <repstopdf --outfile=figs/Fig9a3-eps-converted-
to.pdf figs/Fig9a3.eps>
(epstopdf)             \includegraphics on input line 767.
Package epstopdf Info: Output file is already uptodate.
<figs/Fig9a3-eps-converted-to.pdf, id=236, 867.24pt x 867.24pt>
File: figs/Fig9a3-eps-converted-to.pdf Graphic file (type pdf)
<use figs/Fig9a3-eps-converted-to.pdf>
Package pdftex.def Info: figs/Fig9a3-eps-converted-to.pdf  used on input line 7
67.
(pdftex.def)             Requested size: 90.12996pt x 90.1404pt.
Package epstopdf Info: Source file: <figs/Fig9b3.eps>
(epstopdf)                    date: 2018-06-21 14:43:10
(epstopdf)                    size: 4149627 bytes
(epstopdf)             Output file: <figs/Fig9b3-eps-converted-to.pdf>
(epstopdf)                    date: 2018-06-21 15:52:42
(epstopdf)                    size: 11177 bytes
(epstopdf)             Command: <repstopdf --outfile=figs/Fig9b3-eps-converted-
to.pdf figs/Fig9b3.eps>
(epstopdf)             \includegraphics on input line 769.
Package epstopdf Info: Output file is already uptodate.
<figs/Fig9b3-eps-converted-to.pdf, id=237, 1084.05pt x 867.24pt>
File: figs/Fig9b3-eps-converted-to.pdf Graphic file (type pdf)
<use figs/Fig9b3-eps-converted-to.pdf>
Package pdftex.def Info: figs/Fig9b3-eps-converted-to.pdf  used on input line 7
69.
(pdftex.def)             Requested size: 112.66245pt x 90.1404pt.
Package epstopdf Info: Source file: <figs/Fig9c3.eps>
(epstopdf)                    date: 2018-06-21 14:43:10
(epstopdf)                    size: 8271 bytes
(epstopdf)             Output file: <figs/Fig9c3-eps-converted-to.pdf>
(epstopdf)                    date: 2018-06-21 15:52:43
(epstopdf)                    size: 5908 bytes
(epstopdf)             Command: <repstopdf --outfile=figs/Fig9c3-eps-converted-
to.pdf figs/Fig9c3.eps>
(epstopdf)             \includegraphics on input line 771.
Package epstopdf Info: Output file is already uptodate.
<figs/Fig9c3-eps-converted-to.pdf, id=238, 1156.32pt x 867.24pt>
File: figs/Fig9c3-eps-converted-to.pdf Graphic file (type pdf)
<use figs/Fig9c3-eps-converted-to.pdf>
Package pdftex.def Info: figs/Fig9c3-eps-converted-to.pdf  used on input line 7
71.
(pdftex.def)             Requested size: 120.17328pt x 90.1404pt.
Package epstopdf Info: Source file: <figs/Fig9a4.eps>
(epstopdf)                    date: 2018-06-21 14:43:14
(epstopdf)                    size: 4260672 bytes
(epstopdf)             Output file: <figs/Fig9a4-eps-converted-to.pdf>
(epstopdf)                    date: 2018-06-21 15:52:45
(epstopdf)                    size: 8692 bytes
(epstopdf)             Command: <repstopdf --outfile=figs/Fig9a4-eps-converted-
to.pdf figs/Fig9a4.eps>
(epstopdf)             \includegraphics on input line 773.
Package epstopdf Info: Output file is already uptodate.
<figs/Fig9a4-eps-converted-to.pdf, id=239, 867.24pt x 867.24pt>
File: figs/Fig9a4-eps-converted-to.pdf Graphic file (type pdf)
<use figs/Fig9a4-eps-converted-to.pdf>
Package pdftex.def Info: figs/Fig9a4-eps-converted-to.pdf  used on input line 7
73.
(pdftex.def)             Requested size: 90.12996pt x 90.1404pt.
Package epstopdf Info: Source file: <figs/Fig9b4.eps>
(epstopdf)                    date: 2018-06-21 14:43:18
(epstopdf)                    size: 4149627 bytes
(epstopdf)             Output file: <figs/Fig9b4-eps-converted-to.pdf>
(epstopdf)                    date: 2018-06-21 15:52:46
(epstopdf)                    size: 10252 bytes
(epstopdf)             Command: <repstopdf --outfile=figs/Fig9b4-eps-converted-
to.pdf figs/Fig9b4.eps>
(epstopdf)             \includegraphics on input line 775.
Package epstopdf Info: Output file is already uptodate.
<figs/Fig9b4-eps-converted-to.pdf, id=240, 1084.05pt x 867.24pt>
File: figs/Fig9b4-eps-converted-to.pdf Graphic file (type pdf)
<use figs/Fig9b4-eps-converted-to.pdf>
Package pdftex.def Info: figs/Fig9b4-eps-converted-to.pdf  used on input line 7
75.
(pdftex.def)             Requested size: 112.66245pt x 90.1404pt.
Package epstopdf Info: Source file: <figs/Fig9c4.eps>
(epstopdf)                    date: 2018-06-21 14:43:18
(epstopdf)                    size: 8272 bytes
(epstopdf)             Output file: <figs/Fig9c4-eps-converted-to.pdf>
(epstopdf)                    date: 2018-06-21 15:52:47
(epstopdf)                    size: 5909 bytes
(epstopdf)             Command: <repstopdf --outfile=figs/Fig9c4-eps-converted-
to.pdf figs/Fig9c4.eps>
(epstopdf)             \includegraphics on input line 777.
Package epstopdf Info: Output file is already uptodate.
<figs/Fig9c4-eps-converted-to.pdf, id=241, 1156.32pt x 867.24pt>
File: figs/Fig9c4-eps-converted-to.pdf Graphic file (type pdf)
<use figs/Fig9c4-eps-converted-to.pdf>
Package pdftex.def Info: figs/Fig9c4-eps-converted-to.pdf  used on input line 7
77.
(pdftex.def)             Requested size: 120.17328pt x 90.1404pt.
Package epstopdf Info: Source file: <figs/Fig9a5.eps>
(epstopdf)                    date: 2018-06-21 14:43:26
(epstopdf)                    size: 4260672 bytes
(epstopdf)             Output file: <figs/Fig9a5-eps-converted-to.pdf>
(epstopdf)                    date: 2018-06-21 15:52:49
(epstopdf)                    size: 11331 bytes
(epstopdf)             Command: <repstopdf --outfile=figs/Fig9a5-eps-converted-
to.pdf figs/Fig9a5.eps>
(epstopdf)             \includegraphics on input line 779.
Package epstopdf Info: Output file is already uptodate.
<figs/Fig9a5-eps-converted-to.pdf, id=242, 867.24pt x 867.24pt>
File: figs/Fig9a5-eps-converted-to.pdf Graphic file (type pdf)
<use figs/Fig9a5-eps-converted-to.pdf>
Package pdftex.def Info: figs/Fig9a5-eps-converted-to.pdf  used on input line 7
79.
(pdftex.def)             Requested size: 90.12996pt x 90.1404pt.
Package epstopdf Info: Source file: <figs/Fig9b5.eps>
(epstopdf)                    date: 2018-06-21 14:43:30
(epstopdf)                    size: 4149627 bytes
(epstopdf)             Output file: <figs/Fig9b5-eps-converted-to.pdf>
(epstopdf)                    date: 2018-06-21 15:52:50
(epstopdf)                    size: 13662 bytes
(epstopdf)             Command: <repstopdf --outfile=figs/Fig9b5-eps-converted-
to.pdf figs/Fig9b5.eps>
(epstopdf)             \includegraphics on input line 781.
Package epstopdf Info: Output file is already uptodate.
<figs/Fig9b5-eps-converted-to.pdf, id=243, 1084.05pt x 867.24pt>
File: figs/Fig9b5-eps-converted-to.pdf Graphic file (type pdf)
<use figs/Fig9b5-eps-converted-to.pdf>
Package pdftex.def Info: figs/Fig9b5-eps-converted-to.pdf  used on input line 7
81.
(pdftex.def)             Requested size: 112.66245pt x 90.1404pt.
Package epstopdf Info: Source file: <figs/Fig9c5.eps>
(epstopdf)                    date: 2018-06-21 14:43:30
(epstopdf)                    size: 8271 bytes
(epstopdf)             Output file: <figs/Fig9c5-eps-converted-to.pdf>
(epstopdf)                    date: 2018-06-21 15:52:52
(epstopdf)                    size: 5905 bytes
(epstopdf)             Command: <repstopdf --outfile=figs/Fig9c5-eps-converted-
to.pdf figs/Fig9c5.eps>
(epstopdf)             \includegraphics on input line 783.
Package epstopdf Info: Output file is already uptodate.
<figs/Fig9c5-eps-converted-to.pdf, id=244, 1156.32pt x 867.24pt>
File: figs/Fig9c5-eps-converted-to.pdf Graphic file (type pdf)
<use figs/Fig9c5-eps-converted-to.pdf>
Package pdftex.def Info: figs/Fig9c5-eps-converted-to.pdf  used on input line 7
83.
(pdftex.def)             Requested size: 120.17328pt x 90.1404pt.
 [12] [13 <./figs/Fig9a1-eps-converted-to.pdf> <./figs/Fig9b1-eps-converted-to.
pdf> <./figs/Fig9c1-eps-converted-to.pdf> <./figs/Fig9a2-eps-converted-to.pdf> 
<./figs/Fig9b2-eps-converted-to.pdf> <./figs/Fig9c2-eps-converted-to.pdf> <./fi
gs/Fig9a3-eps-converted-to.pdf> <./figs/Fig9b3-eps-converted-to.pdf> <./figs/Fi
g9c3-eps-converted-to.pdf> <./figs/Fig9a4-eps-converted-to.pdf> <./figs/Fig9b4-
eps-converted-to.pdf> <./figs/Fig9c4-eps-converted-to.pdf> <./figs/Fig9a5-eps-c
onverted-to.pdf> <./figs/Fig9b5-eps-converted-to.pdf> <./figs/Fig9c5-eps-conver
ted-to.pdf>]
(./hodges2018wildland_blinded.bbl [14]) [15] (./hodges2018wildland_blinded.aux)
 ) 
Here is how much of TeX's memory you used:
 2459 strings out of 492980
 40846 string characters out of 6136223
 94723 words of memory out of 5000000
 5981 multiletter control sequences out of 15000+600000
 9749 words of font info for 34 fonts, out of 8000000 for 9000
 1141 hyphenation exceptions out of 8191
 41i,8n,25p,399b,289s stack positions out of 5000i,500n,10000p,200000b,80000s
<c:/texlive/2017/texmf-dist/fonts/type1/public/amsfonts/cm/cmbx12.pfb><c:/tex
live/2017/texmf-dist/fonts/type1/public/amsfonts/cm/cmbx8.pfb><c:/texlive/2017/
texmf-dist/fonts/type1/public/amsfonts/cm/cmbx9.pfb><c:/texlive/2017/texmf-dist
/fonts/type1/public/amsfonts/cm/cmex10.pfb><c:/texlive/2017/texmf-dist/fonts/ty
pe1/public/amsfonts/cm/cmmi5.pfb><c:/texlive/2017/texmf-dist/fonts/type1/public
/amsfonts/cm/cmmi6.pfb><c:/texlive/2017/texmf-dist/fonts/type1/public/amsfonts/
cm/cmmi8.pfb><c:/texlive/2017/texmf-dist/fonts/type1/public/amsfonts/cm/cmmi9.p
fb><c:/texlive/2017/texmf-dist/fonts/type1/public/amsfonts/cm/cmr6.pfb><c:/texl
ive/2017/texmf-dist/fonts/type1/public/amsfonts/cm/cmr8.pfb><c:/texlive/2017/te
xmf-dist/fonts/type1/public/amsfonts/cm/cmr9.pfb><c:/texlive/2017/texmf-dist/fo
nts/type1/public/amsfonts/cm/cmsy6.pfb><c:/texlive/2017/texmf-dist/fonts/type1/
public/amsfonts/cm/cmsy9.pfb><c:/texlive/2017/texmf-dist/fonts/type1/public/ams
fonts/cm/cmti8.pfb>
Output written on hodges2018wildland_blinded.pdf (15 pages, 492841 bytes).
PDF statistics:
 395 PDF objects out of 1000 (max. 8388607)
 229 compressed objects within 3 object streams
 0 named destinations out of 1000 (max. 500000)
 191 words of extra memory for PDF output out of 10000 (max. 10000000)

