This is pdfTeX, Version 3.14159265-2.6-1.40.18 (TeX Live 2017/W32TeX) (preloaded format=pdflatex 2018.1.9)  18 JUN 2018 11:58
entering extended mode
 restricted \write18 enabled.
 %&-line parsing enabled.
**./hodges2018wildland_v2.tex
(./hodges2018wildland_v2.tex
LaTeX2e <2017-04-15>
Babel <3.16> and hyphenation patterns for 84 language(s) loaded.
(c:/texlive/2017/texmf-dist/tex/latex/base/fix-cm.sty
Package: fix-cm 2015/01/14 v1.1t fixes to LaTeX

(c:/texlive/2017/texmf-dist/tex/latex/base/ts1enc.def
File: ts1enc.def 2001/06/05 v3.0e (jk/car/fm) Standard LaTeX file
)) (./svjour3.cls
Document Class: svjour3 2007/05/08 v3.2 
LaTeX document class for Springer journals
Class Springer-SVJour3 Info: extra/valid Springer sub-package (-> *.clo) 
(Springer-SVJour3)           not found in option list of \documentclass
(Springer-SVJour3)           - autoactivating "global" style.
(./svglov3.clo
File: svglov3.clo 2009/12/18 v3.2 style option for standardised journals

SVJour Class option: svglov3.clo for standardised journals
)
LaTeX Font Info:    Redeclaring math symbol \Gamma on input line 147.
LaTeX Font Info:    Redeclaring math symbol \Delta on input line 148.
LaTeX Font Info:    Redeclaring math symbol \Theta on input line 149.
LaTeX Font Info:    Redeclaring math symbol \Lambda on input line 150.
LaTeX Font Info:    Redeclaring math symbol \Xi on input line 151.
LaTeX Font Info:    Redeclaring math symbol \Pi on input line 152.
LaTeX Font Info:    Redeclaring math symbol \Sigma on input line 153.
LaTeX Font Info:    Redeclaring math symbol \Upsilon on input line 154.
LaTeX Font Info:    Redeclaring math symbol \Phi on input line 155.
LaTeX Font Info:    Redeclaring math symbol \Psi on input line 156.
LaTeX Font Info:    Redeclaring math symbol \Omega on input line 157.
\logodepth=\dimen102
\headerboxheight=\dimen103
\betweenumberspace=\dimen104
\aftertext=\dimen105
\headlineindent=\dimen106
\c@inst=\count79
\c@auth=\count80
\instindent=\dimen107
\authrun=\box26
\authorrunning=\toks14
\titrun=\box27
\titlerunning=\toks15
\combirun=\box28
\c@lastpage=\count81
\rubricwidth=\dimen108
\c@section=\count82
\c@subsection=\count83
\c@subsubsection=\count84
\c@paragraph=\count85
\c@subparagraph=\count86
\spthmsep=\dimen109
\c@theorem=\count87
\c@case=\count88
\c@conjecture=\count89
\c@corollary=\count90
\c@definition=\count91
\c@example=\count92
\c@exercise=\count93
\c@lemma=\count94
\c@note=\count95
\c@problem=\count96
\c@property=\count97
\c@proposition=\count98
\c@question=\count99
\c@solution=\count100
\c@remark=\count101
\c@figure=\count102
\c@table=\count103
\abovecaptionskip=\skip41
\belowcaptionskip=\skip42
\figcapgap=\dimen110
\tabcapgap=\dimen111
\figgap=\dimen112
\bibindent=\dimen113
\@tempcntc=\count104
) (c:/texlive/2017/texmf-dist/tex/latex/tools/layout.sty
Package: layout 2014/10/28 v1.2c Show layout parameters
\oneinch=\count105
\cnt@paperwidth=\count106
\cnt@paperheight=\count107
\cnt@hoffset=\count108
\cnt@voffset=\count109
\cnt@textheight=\count110
\cnt@textwidth=\count111
\cnt@topmargin=\count112
\cnt@oddsidemargin=\count113
\cnt@evensidemargin=\count114
\cnt@headheight=\count115
\cnt@headsep=\count116
\cnt@marginparsep=\count117
\cnt@marginparwidth=\count118
\cnt@marginparpush=\count119
\cnt@footskip=\count120
\fheight=\count121
\ref@top=\count122
\ref@hoffset=\count123
\ref@voffset=\count124
\ref@head=\count125
\ref@body=\count126
\ref@foot=\count127
\ref@margin=\count128
\ref@marginwidth=\count129
\ref@marginpar=\count130
\Interval=\count131
\ExtraYPos=\count132
\PositionX=\count133
\PositionY=\count134
\ArrowLength=\count135
)
(c:/texlive/2017/texmf-dist/tex/latex/graphics/graphicx.sty
Package: graphicx 2017/06/01 v1.1a Enhanced LaTeX Graphics (DPC,SPQR)

(c:/texlive/2017/texmf-dist/tex/latex/graphics/keyval.sty
Package: keyval 2014/10/28 v1.15 key=value parser (DPC)
\KV@toks@=\toks16
)
(c:/texlive/2017/texmf-dist/tex/latex/graphics/graphics.sty
Package: graphics 2017/06/25 v1.2c Standard LaTeX Graphics (DPC,SPQR)

(c:/texlive/2017/texmf-dist/tex/latex/graphics/trig.sty
Package: trig 2016/01/03 v1.10 sin cos tan (DPC)
)
(c:/texlive/2017/texmf-dist/tex/latex/graphics-cfg/graphics.cfg
File: graphics.cfg 2016/06/04 v1.11 sample graphics configuration
)
Package graphics Info: Driver file: pdftex.def on input line 99.

(c:/texlive/2017/texmf-dist/tex/latex/graphics-def/pdftex.def
File: pdftex.def 2018/01/01 v1.0k Graphics/color driver for pdftex
))
\Gin@req@height=\dimen114
\Gin@req@width=\dimen115
)
(./hodges2018wildland_v2.aux)
\openout1 = `hodges2018wildland_v2.aux'.

LaTeX Font Info:    Checking defaults for OML/cmm/m/it on input line 43.
LaTeX Font Info:    ... okay on input line 43.
LaTeX Font Info:    Checking defaults for T1/cmr/m/n on input line 43.
LaTeX Font Info:    ... okay on input line 43.
LaTeX Font Info:    Checking defaults for OT1/cmr/m/n on input line 43.
LaTeX Font Info:    ... okay on input line 43.
LaTeX Font Info:    Checking defaults for OMS/cmsy/m/n on input line 43.
LaTeX Font Info:    ... okay on input line 43.
LaTeX Font Info:    Checking defaults for OMX/cmex/m/n on input line 43.
LaTeX Font Info:    ... okay on input line 43.
LaTeX Font Info:    Checking defaults for U/cmr/m/n on input line 43.
LaTeX Font Info:    ... okay on input line 43.
LaTeX Font Info:    Checking defaults for TS1/cmr/m/n on input line 43.
LaTeX Font Info:    ... okay on input line 43.

(c:/texlive/2017/texmf-dist/tex/context/base/mkii/supp-pdf.mkii
[Loading MPS to PDF converter (version 2006.09.02).]
\scratchcounter=\count136
\scratchdimen=\dimen116
\scratchbox=\box29
\nofMPsegments=\count137
\nofMParguments=\count138
\everyMPshowfont=\toks17
\MPscratchCnt=\count139
\MPscratchDim=\dimen117
\MPnumerator=\count140
\makeMPintoPDFobject=\count141
\everyMPtoPDFconversion=\toks18
) (c:/texlive/2017/texmf-dist/tex/latex/oberdiek/epstopdf-base.sty
Package: epstopdf-base 2016/05/15 v2.6 Base part for package epstopdf

(c:/texlive/2017/texmf-dist/tex/generic/oberdiek/infwarerr.sty
Package: infwarerr 2016/05/16 v1.4 Providing info/warning/error messages (HO)
)
(c:/texlive/2017/texmf-dist/tex/latex/oberdiek/grfext.sty
Package: grfext 2016/05/16 v1.2 Manage graphics extensions (HO)

(c:/texlive/2017/texmf-dist/tex/generic/oberdiek/kvdefinekeys.sty
Package: kvdefinekeys 2016/05/16 v1.4 Define keys (HO)

(c:/texlive/2017/texmf-dist/tex/generic/oberdiek/ltxcmds.sty
Package: ltxcmds 2016/05/16 v1.23 LaTeX kernel commands for general use (HO)
)))
(c:/texlive/2017/texmf-dist/tex/latex/oberdiek/kvoptions.sty
Package: kvoptions 2016/05/16 v3.12 Key value format for package options (HO)

(c:/texlive/2017/texmf-dist/tex/generic/oberdiek/kvsetkeys.sty
Package: kvsetkeys 2016/05/16 v1.17 Key value parser (HO)

(c:/texlive/2017/texmf-dist/tex/generic/oberdiek/etexcmds.sty
Package: etexcmds 2016/05/16 v1.6 Avoid name clashes with e-TeX commands (HO)

(c:/texlive/2017/texmf-dist/tex/generic/oberdiek/ifluatex.sty
Package: ifluatex 2016/05/16 v1.4 Provides the ifluatex switch (HO)
Package ifluatex Info: LuaTeX not detected.
)
Package etexcmds Info: Could not find \expanded.
(etexcmds)             That can mean that you are not using pdfTeX 1.50 or
(etexcmds)             that some package has redefined \expanded.
(etexcmds)             In the latter case, load this package earlier.
)))
(c:/texlive/2017/texmf-dist/tex/generic/oberdiek/pdftexcmds.sty
Package: pdftexcmds 2017/03/19 v0.25 Utility functions of pdfTeX for LuaTeX (HO
)

(c:/texlive/2017/texmf-dist/tex/generic/oberdiek/ifpdf.sty
Package: ifpdf 2017/03/15 v3.2 Provides the ifpdf switch
)
Package pdftexcmds Info: LuaTeX not detected.
Package pdftexcmds Info: \pdf@primitive is available.
Package pdftexcmds Info: \pdf@ifprimitive is available.
Package pdftexcmds Info: \pdfdraftmode found.
)
Package epstopdf-base Info: Redefining graphics rule for `.eps' on input line 4
38.
Package grfext Info: Graphics extension search list:
(grfext)             [.pdf,.png,.jpg,.mps,.jpeg,.jbig2,.jb2,.PDF,.PNG,.JPG,.JPE
G,.JBIG2,.JB2,.eps]
(grfext)             \AppendGraphicsExtensions on input line 456.

(c:/texlive/2017/texmf-dist/tex/latex/latexconfig/epstopdf-sys.cfg
File: epstopdf-sys.cfg 2010/07/13 v1.3 Configuration of (r)epstopdf for TeX Liv
e
))
LaTeX Font Info:    External font `cmex10' loaded for size
(Font)              <8> on input line 64.
LaTeX Font Info:    External font `cmex10' loaded for size
(Font)              <6> on input line 64.
LaTeX Font Info:    External font `cmex10' loaded for size
(Font)              <5> on input line 64.
LaTeX Font Info:    Calculating math sizes for size <9.5> on input line 64.
LaTeX Font Info:    External font `cmex10' loaded for size
(Font)              <9.5> on input line 64.
LaTeX Font Info:    External font `cmex10' loaded for size
(Font)              <6.64996> on input line 64.
LaTeX Font Info:    External font `cmex10' loaded for size
(Font)              <4.75> on input line 64.
 [1{c:/texlive/2017/texmf-var/fonts/map/pdftex/updmap/pdftex.map}] [2]
<figs/inputsExampleSingleFire.png, id=16, 3613.5pt x 1806.75pt>
File: figs/inputsExampleSingleFire.png Graphic file (type png)
<use figs/inputsExampleSingleFire.png>
Package pdftex.def Info: figs/inputsExampleSingleFire.png  used on input line 2
15.
(pdftex.def)             Requested size: 343.5319pt x 171.75331pt.
 [3]
<figs/exampleFirePerimiter0.png, id=23, 867.24pt x 867.24pt>
File: figs/exampleFirePerimiter0.png Graphic file (type png)
<use figs/exampleFirePerimiter0.png>
Package pdftex.def Info: figs/exampleFirePerimiter0.png  used on input line 327
.
(pdftex.def)             Requested size: 156.14894pt x 156.1494pt.

Underfull \vbox (badness 10000) has occurred while \output is active []

 [4 <./figs/inputsExampleSingleFire.png>] [5 <./figs/exampleFirePerimiter0.png>
]
<figs/convnet_fig.png, id=33, 1556.81625pt x 355.3275pt>
File: figs/convnet_fig.png Graphic file (type png)
<use figs/convnet_fig.png>
Package pdftex.def Info: figs/convnet_fig.png  used on input line 415.
(pdftex.def)             Requested size: 329.64894pt x 75.23906pt.
 [6 <./figs/convnet_fig.png>] [7]
<figs/optimalThreshold.png, id=42, 867.24pt x 867.24pt>
File: figs/optimalThreshold.png Graphic file (type png)
<use figs/optimalThreshold.png>
Package pdftex.def Info: figs/optimalThreshold.png  used on input line 512.
(pdftex.def)             Requested size: 156.14894pt x 156.1494pt.
<figs/exampleNetworkRaw0.png, id=43, 1156.32pt x 867.24pt>
File: figs/exampleNetworkRaw0.png Graphic file (type png)
<use figs/exampleNetworkRaw0.png>
Package pdftex.def Info: figs/exampleNetworkRaw0.png  used on input line 520.
(pdftex.def)             Requested size: 159.62233pt x 119.70572pt.
<figs/exampleNetworkProcessed0.png, id=44, 1156.32pt x 867.24pt>
File: figs/exampleNetworkProcessed0.png Graphic file (type png)
<use figs/exampleNetworkProcessed0.png>
Package pdftex.def Info: figs/exampleNetworkProcessed0.png  used on input line 
522.
(pdftex.def)             Requested size: 159.62233pt x 119.70572pt.
 [8 <./figs/optimalThreshold.png> <./figs/exampleNetworkRaw0.png> <./figs/examp
leNetworkProcessed0.png>]
<figs/exampleFusedFire0.png, id=51, 867.24pt x 867.24pt>
File: figs/exampleFusedFire0.png Graphic file (type png)
<use figs/exampleFusedFire0.png>
Package pdftex.def Info: figs/exampleFusedFire0.png  used on input line 557.
(pdftex.def)             Requested size: 95.76721pt x 95.77095pt.
File: figs/exampleNetworkProcessed0.png Graphic file (type png)
<use figs/exampleNetworkProcessed0.png>
Package pdftex.def Info: figs/exampleNetworkProcessed0.png  used on input line 
559.
(pdftex.def)             Requested size: 127.68962pt x 95.77095pt.
<figs/exampleNetworkError0.png, id=52, 867.24pt x 867.24pt>
File: figs/exampleNetworkError0.png Graphic file (type png)
<use figs/exampleNetworkError0.png>
Package pdftex.def Info: figs/exampleNetworkError0.png  used on input line 561.

(pdftex.def)             Requested size: 95.76721pt x 95.77095pt.
<figs/exampleFusedFire1.png, id=53, 867.24pt x 867.24pt>
File: figs/exampleFusedFire1.png Graphic file (type png)
<use figs/exampleFusedFire1.png>
Package pdftex.def Info: figs/exampleFusedFire1.png  used on input line 563.
(pdftex.def)             Requested size: 95.76721pt x 95.77095pt.
<figs/exampleNetworkProcessed1.png, id=54, 1156.32pt x 867.24pt>
File: figs/exampleNetworkProcessed1.png Graphic file (type png)
<use figs/exampleNetworkProcessed1.png>
Package pdftex.def Info: figs/exampleNetworkProcessed1.png  used on input line 
565.
(pdftex.def)             Requested size: 127.68962pt x 95.77095pt.
<figs/exampleNetworkError1.png, id=55, 867.24pt x 867.24pt>
File: figs/exampleNetworkError1.png Graphic file (type png)
<use figs/exampleNetworkError1.png>
Package pdftex.def Info: figs/exampleNetworkError1.png  used on input line 567.

(pdftex.def)             Requested size: 95.76721pt x 95.77095pt.
<figs/exampleFusedFire2.png, id=56, 867.24pt x 867.24pt>
File: figs/exampleFusedFire2.png Graphic file (type png)
<use figs/exampleFusedFire2.png>
Package pdftex.def Info: figs/exampleFusedFire2.png  used on input line 569.
(pdftex.def)             Requested size: 95.76721pt x 95.77095pt.
<figs/exampleNetworkProcessed2.png, id=57, 1156.32pt x 867.24pt>
File: figs/exampleNetworkProcessed2.png Graphic file (type png)
<use figs/exampleNetworkProcessed2.png>
Package pdftex.def Info: figs/exampleNetworkProcessed2.png  used on input line 
571.
(pdftex.def)             Requested size: 127.68962pt x 95.77095pt.
<figs/exampleNetworkError2.png, id=58, 867.24pt x 867.24pt>
File: figs/exampleNetworkError2.png Graphic file (type png)
<use figs/exampleNetworkError2.png>
Package pdftex.def Info: figs/exampleNetworkError2.png  used on input line 573.

(pdftex.def)             Requested size: 95.76721pt x 95.77095pt.
<figs/exampleFusedFire3.png, id=59, 867.24pt x 867.24pt>
File: figs/exampleFusedFire3.png Graphic file (type png)
<use figs/exampleFusedFire3.png>
Package pdftex.def Info: figs/exampleFusedFire3.png  used on input line 575.
(pdftex.def)             Requested size: 95.76721pt x 95.77095pt.
<figs/exampleNetworkProcessed3.png, id=60, 1156.32pt x 867.24pt>
File: figs/exampleNetworkProcessed3.png Graphic file (type png)
<use figs/exampleNetworkProcessed3.png>
Package pdftex.def Info: figs/exampleNetworkProcessed3.png  used on input line 
577.
(pdftex.def)             Requested size: 127.68962pt x 95.77095pt.
<figs/exampleNetworkError3.png, id=61, 867.24pt x 867.24pt>
File: figs/exampleNetworkError3.png Graphic file (type png)
<use figs/exampleNetworkError3.png>
Package pdftex.def Info: figs/exampleNetworkError3.png  used on input line 579.

(pdftex.def)             Requested size: 95.76721pt x 95.77095pt.
<figs/exampleFusedFire4.png, id=62, 867.24pt x 867.24pt>
File: figs/exampleFusedFire4.png Graphic file (type png)
<use figs/exampleFusedFire4.png>
Package pdftex.def Info: figs/exampleFusedFire4.png  used on input line 581.
(pdftex.def)             Requested size: 95.76721pt x 95.77095pt.
<figs/exampleNetworkProcessed4.png, id=63, 1156.32pt x 867.24pt>
File: figs/exampleNetworkProcessed4.png Graphic file (type png)
<use figs/exampleNetworkProcessed4.png>
Package pdftex.def Info: figs/exampleNetworkProcessed4.png  used on input line 
583.
(pdftex.def)             Requested size: 127.68962pt x 95.77095pt.
<figs/exampleNetworkError4.png, id=64, 867.24pt x 867.24pt>
File: figs/exampleNetworkError4.png Graphic file (type png)
<use figs/exampleNetworkError4.png>
Package pdftex.def Info: figs/exampleNetworkError4.png  used on input line 585.

(pdftex.def)             Requested size: 95.76721pt x 95.77095pt.
<figs/rothermelFull_cnnModel3_F_pdf.png, id=65, 867.24pt x 867.24pt>
File: figs/rothermelFull_cnnModel3_F_pdf.png Graphic file (type png)
<use figs/rothermelFull_cnnModel3_F_pdf.png>
Package pdftex.def Info: figs/rothermelFull_cnnModel3_F_pdf.png  used on input 
line 630.
(pdftex.def)             Requested size: 156.14894pt x 156.1494pt.
<figs/rothermelFull_cnnModel3_fireSize_when_F_lt_080.png, id=66, 867.24pt x 867
.24pt>
File: figs/rothermelFull_cnnModel3_fireSize_when_F_lt_080.png Graphic file (typ
e png)
<use figs/rothermelFull_cnnModel3_fireSize_when_F_lt_080.png>
Package pdftex.def Info: figs/rothermelFull_cnnModel3_fireSize_when_F_lt_080.pn
g  used on input line 686.
(pdftex.def)             Requested size: 156.14894pt x 156.1494pt.
 [9] [10 <./figs/exampleFusedFire0.png> <./figs/exampleNetworkError0.png> <./fi
gs/exampleFusedFire1.png> <./figs/exampleNetworkProcessed1.png> <./figs/example
NetworkError1.png> <./figs/exampleFusedFire2.png> <./figs/exampleNetworkProcess
ed2.png> <./figs/exampleNetworkError2.png> <./figs/exampleFusedFire3.png> <./fi
gs/exampleNetworkProcessed3.png> <./figs/exampleNetworkError3.png> <./figs/exam
pleFusedFire4.png> <./figs/exampleNetworkProcessed4.png> <./figs/exampleNetwork
Error4.png>] [11 <./figs/rothermelFull_cnnModel3_F_pdf.png> <./figs/rothermelFu
ll_cnnModel3_fireSize_when_F_lt_080.png>]
<figs/timeAnalysis_simulation0.png, id=95, 867.24pt x 867.24pt>
File: figs/timeAnalysis_simulation0.png Graphic file (type png)
<use figs/timeAnalysis_simulation0.png>
Package pdftex.def Info: figs/timeAnalysis_simulation0.png  used on input line 
753.
(pdftex.def)             Requested size: 90.12996pt x 90.1404pt.
<figs/timeAnalysis_network0.png, id=96, 1084.05pt x 867.24pt>
File: figs/timeAnalysis_network0.png Graphic file (type png)
<use figs/timeAnalysis_network0.png>
Package pdftex.def Info: figs/timeAnalysis_network0.png  used on input line 755
.
(pdftex.def)             Requested size: 112.66245pt x 90.1404pt.
<figs/timeAnalysis_fmeasure0.png, id=97, 1156.32pt x 867.24pt>
File: figs/timeAnalysis_fmeasure0.png Graphic file (type png)
<use figs/timeAnalysis_fmeasure0.png>
Package pdftex.def Info: figs/timeAnalysis_fmeasure0.png  used on input line 75
7.
(pdftex.def)             Requested size: 120.17328pt x 90.1404pt.
<figs/timeAnalysis_simulation1.png, id=98, 867.24pt x 867.24pt>
File: figs/timeAnalysis_simulation1.png Graphic file (type png)
<use figs/timeAnalysis_simulation1.png>
Package pdftex.def Info: figs/timeAnalysis_simulation1.png  used on input line 
759.
(pdftex.def)             Requested size: 90.12996pt x 90.1404pt.
<figs/timeAnalysis_network1.png, id=99, 1084.05pt x 867.24pt>
File: figs/timeAnalysis_network1.png Graphic file (type png)
<use figs/timeAnalysis_network1.png>
Package pdftex.def Info: figs/timeAnalysis_network1.png  used on input line 761
.
(pdftex.def)             Requested size: 112.66245pt x 90.1404pt.
<figs/timeAnalysis_fmeasure1.png, id=100, 1156.32pt x 867.24pt>
File: figs/timeAnalysis_fmeasure1.png Graphic file (type png)
<use figs/timeAnalysis_fmeasure1.png>
Package pdftex.def Info: figs/timeAnalysis_fmeasure1.png  used on input line 76
3.
(pdftex.def)             Requested size: 120.17328pt x 90.1404pt.
<figs/timeAnalysis_simulation2.png, id=101, 867.24pt x 867.24pt>
File: figs/timeAnalysis_simulation2.png Graphic file (type png)
<use figs/timeAnalysis_simulation2.png>
Package pdftex.def Info: figs/timeAnalysis_simulation2.png  used on input line 
765.
(pdftex.def)             Requested size: 90.12996pt x 90.1404pt.
<figs/timeAnalysis_network2.png, id=102, 1084.05pt x 867.24pt>
File: figs/timeAnalysis_network2.png Graphic file (type png)
<use figs/timeAnalysis_network2.png>
Package pdftex.def Info: figs/timeAnalysis_network2.png  used on input line 767
.
(pdftex.def)             Requested size: 112.66245pt x 90.1404pt.
<figs/timeAnalysis_fmeasure2.png, id=103, 1156.32pt x 867.24pt>
File: figs/timeAnalysis_fmeasure2.png Graphic file (type png)
<use figs/timeAnalysis_fmeasure2.png>
Package pdftex.def Info: figs/timeAnalysis_fmeasure2.png  used on input line 76
9.
(pdftex.def)             Requested size: 120.17328pt x 90.1404pt.
<figs/timeAnalysis_simulation3.png, id=104, 867.24pt x 867.24pt>
File: figs/timeAnalysis_simulation3.png Graphic file (type png)
<use figs/timeAnalysis_simulation3.png>
Package pdftex.def Info: figs/timeAnalysis_simulation3.png  used on input line 
771.
(pdftex.def)             Requested size: 90.12996pt x 90.1404pt.
<figs/timeAnalysis_network3.png, id=105, 1084.05pt x 867.24pt>
File: figs/timeAnalysis_network3.png Graphic file (type png)
<use figs/timeAnalysis_network3.png>
Package pdftex.def Info: figs/timeAnalysis_network3.png  used on input line 773
.
(pdftex.def)             Requested size: 112.66245pt x 90.1404pt.
<figs/timeAnalysis_fmeasure3.png, id=106, 1156.32pt x 867.24pt>
File: figs/timeAnalysis_fmeasure3.png Graphic file (type png)
<use figs/timeAnalysis_fmeasure3.png>
Package pdftex.def Info: figs/timeAnalysis_fmeasure3.png  used on input line 77
5.
(pdftex.def)             Requested size: 120.17328pt x 90.1404pt.
<figs/timeAnalysis_simulation4.png, id=107, 867.24pt x 867.24pt>
File: figs/timeAnalysis_simulation4.png Graphic file (type png)
<use figs/timeAnalysis_simulation4.png>
Package pdftex.def Info: figs/timeAnalysis_simulation4.png  used on input line 
777.
(pdftex.def)             Requested size: 90.12996pt x 90.1404pt.
<figs/timeAnalysis_network4.png, id=108, 1084.05pt x 867.24pt>
File: figs/timeAnalysis_network4.png Graphic file (type png)
<use figs/timeAnalysis_network4.png>
Package pdftex.def Info: figs/timeAnalysis_network4.png  used on input line 779
.
(pdftex.def)             Requested size: 112.66245pt x 90.1404pt.
<figs/timeAnalysis_fmeasure4.png, id=109, 1156.32pt x 867.24pt>
File: figs/timeAnalysis_fmeasure4.png Graphic file (type png)
<use figs/timeAnalysis_fmeasure4.png>
Package pdftex.def Info: figs/timeAnalysis_fmeasure4.png  used on input line 78
1.
(pdftex.def)             Requested size: 120.17328pt x 90.1404pt.
 [12] [13 <./figs/timeAnalysis_simulation0.png> <./figs/timeAnalysis_network0.p
ng> <./figs/timeAnalysis_fmeasure0.png> <./figs/timeAnalysis_simulation1.png> <
./figs/timeAnalysis_network1.png> <./figs/timeAnalysis_fmeasure1.png> <./figs/t
imeAnalysis_simulation2.png> <./figs/timeAnalysis_network2.png> <./figs/timeAna
lysis_fmeasure2.png> <./figs/timeAnalysis_simulation3.png> <./figs/timeAnalysis
_network3.png> <./figs/timeAnalysis_fmeasure3.png> <./figs/timeAnalysis_simulat
ion4.png> <./figs/timeAnalysis_network4.png> <./figs/timeAnalysis_fmeasure4.png
>] (./hodges2018wildland_v2.bbl [14]) [15]
(./hodges2018wildland_v2.aux) ) 
Here is how much of TeX's memory you used:
 2448 strings out of 492980
 40057 string characters out of 6136223
 94699 words of memory out of 5000000
 5971 multiletter control sequences out of 15000+600000
 9749 words of font info for 34 fonts, out of 8000000 for 9000
 1141 hyphenation exceptions out of 8191
 41i,8n,25p,394b,289s stack positions out of 5000i,500n,10000p,200000b,80000s
<c:/texlive/2017/texmf-dist/fonts/type1/public/a
msfonts/cm/cmbx12.pfb><c:/texlive/2017/texmf-dist/fonts/type1/public/amsfonts/c
m/cmbx8.pfb><c:/texlive/2017/texmf-dist/fonts/type1/public/amsfonts/cm/cmbx9.pf
b><c:/texlive/2017/texmf-dist/fonts/type1/public/amsfonts/cm/cmex10.pfb><c:/tex
live/2017/texmf-dist/fonts/type1/public/amsfonts/cm/cmmi5.pfb><c:/texlive/2017/
texmf-dist/fonts/type1/public/amsfonts/cm/cmmi6.pfb><c:/texlive/2017/texmf-dist
/fonts/type1/public/amsfonts/cm/cmmi8.pfb><c:/texlive/2017/texmf-dist/fonts/typ
e1/public/amsfonts/cm/cmmi9.pfb><c:/texlive/2017/texmf-dist/fonts/type1/public/
amsfonts/cm/cmr6.pfb><c:/texlive/2017/texmf-dist/fonts/type1/public/amsfonts/cm
/cmr8.pfb><c:/texlive/2017/texmf-dist/fonts/type1/public/amsfonts/cm/cmr9.pfb><
c:/texlive/2017/texmf-dist/fonts/type1/public/amsfonts/cm/cmsy6.pfb><c:/texlive
/2017/texmf-dist/fonts/type1/public/amsfonts/cm/cmsy9.pfb><c:/texlive/2017/texm
f-dist/fonts/type1/public/amsfonts/cm/cmti8.pfb>
Output written on hodges2018wildland_v2.pdf (15 pages, 7461334 bytes).
PDF statistics:
 184 PDF objects out of 1000 (max. 8388607)
 78 compressed objects within 1 object stream
 0 named destinations out of 1000 (max. 500000)
 186 words of extra memory for PDF output out of 10000 (max. 10000000)

