This is pdfTeX, Version 3.14159265-2.6-1.40.18 (TeX Live 2017/W32TeX) (preloaded format=pdflatex 2018.1.9)  9 JUN 2018 13:14
entering extended mode
 restricted \write18 enabled.
 %&-line parsing enabled.
**./hodges2018_wildland.tex
(./hodges2018_wildland.tex
LaTeX2e <2017-04-15>
Babel <3.16> and hyphenation patterns for 84 language(s) loaded.
(c:/texlive/2017/texmf-dist/tex/latex/base/fix-cm.sty
Package: fix-cm 2015/01/14 v1.1t fixes to LaTeX

(c:/texlive/2017/texmf-dist/tex/latex/base/ts1enc.def
File: ts1enc.def 2001/06/05 v3.0e (jk/car/fm) Standard LaTeX file
)) (./svjour3.cls
Document Class: svjour3 2007/05/08 v3.2 
LaTeX document class for Springer journals
(c:/texlive/2017/texmf-dist/tex/latex/base/fleqn.clo
File: fleqn.clo 2016/12/29 v1.2a Standard LaTeX option (flush left equations)
\mathindent=\dimen102
Applying: [2015/01/01] Make \[ robust on input line 50.
LaTeX Info: Redefining \[ on input line 51.
Already applied: [0000/00/00] Make \[ robust on input line 62.
Applying: [2015/01/01] Make \] robust on input line 74.
LaTeX Info: Redefining \] on input line 75.
Already applied: [0000/00/00] Make \] robust on input line 83.
)
Class Springer-SVJour3 Info: extra/valid Springer sub-package (-> *.clo) 
(Springer-SVJour3)           not found in option list of \documentclass
(Springer-SVJour3)           - autoactivating "global" style.
 (./svglov3.clo
File: svglov3.clo 2009/12/18 v3.2 style option for standardised journals

SVJour Class option: svglov3.clo for standardised journals
)
LaTeX Font Info:    Redeclaring math symbol \Gamma on input line 147.
LaTeX Font Info:    Redeclaring math symbol \Delta on input line 148.
LaTeX Font Info:    Redeclaring math symbol \Theta on input line 149.
LaTeX Font Info:    Redeclaring math symbol \Lambda on input line 150.
LaTeX Font Info:    Redeclaring math symbol \Xi on input line 151.
LaTeX Font Info:    Redeclaring math symbol \Pi on input line 152.
LaTeX Font Info:    Redeclaring math symbol \Sigma on input line 153.
LaTeX Font Info:    Redeclaring math symbol \Upsilon on input line 154.
LaTeX Font Info:    Redeclaring math symbol \Phi on input line 155.
LaTeX Font Info:    Redeclaring math symbol \Psi on input line 156.
LaTeX Font Info:    Redeclaring math symbol \Omega on input line 157.
\logodepth=\dimen103
\headerboxheight=\dimen104
\betweenumberspace=\dimen105
\aftertext=\dimen106
\headlineindent=\dimen107
\c@inst=\count79
\c@auth=\count80
\instindent=\dimen108
\authrun=\box26
\authorrunning=\toks14
\titrun=\box27
\titlerunning=\toks15
\combirun=\box28
\c@lastpage=\count81
\rubricwidth=\dimen109
\c@section=\count82
\c@subsection=\count83
\c@subsubsection=\count84
\c@paragraph=\count85
\c@subparagraph=\count86
\spthmsep=\dimen110
\c@theorem=\count87
\c@case=\count88
\c@conjecture=\count89
\c@corollary=\count90
\c@definition=\count91
\c@example=\count92
\c@exercise=\count93
\c@lemma=\count94
\c@note=\count95
\c@problem=\count96
\c@property=\count97
\c@proposition=\count98
\c@question=\count99
\c@solution=\count100
\c@remark=\count101
\c@figure=\count102
\c@table=\count103
\abovecaptionskip=\skip41
\belowcaptionskip=\skip42
\figcapgap=\dimen111
\tabcapgap=\dimen112
\figgap=\dimen113
\bibindent=\dimen114
\@tempcntc=\count104
) (c:/texlive/2017/texmf-dist/tex/latex/graphics/graphicx.sty
Package: graphicx 2017/06/01 v1.1a Enhanced LaTeX Graphics (DPC,SPQR)

(c:/texlive/2017/texmf-dist/tex/latex/graphics/keyval.sty
Package: keyval 2014/10/28 v1.15 key=value parser (DPC)
\KV@toks@=\toks16
)
(c:/texlive/2017/texmf-dist/tex/latex/graphics/graphics.sty
Package: graphics 2017/06/25 v1.2c Standard LaTeX Graphics (DPC,SPQR)

(c:/texlive/2017/texmf-dist/tex/latex/graphics/trig.sty
Package: trig 2016/01/03 v1.10 sin cos tan (DPC)
)
(c:/texlive/2017/texmf-dist/tex/latex/graphics-cfg/graphics.cfg
File: graphics.cfg 2016/06/04 v1.11 sample graphics configuration
)
Package graphics Info: Driver file: pdftex.def on input line 99.

(c:/texlive/2017/texmf-dist/tex/latex/graphics-def/pdftex.def
File: pdftex.def 2018/01/01 v1.0k Graphics/color driver for pdftex
))
\Gin@req@height=\dimen115
\Gin@req@width=\dimen116
)
(./hodges2018_wildland.aux)
\openout1 = `hodges2018_wildland.aux'.

LaTeX Font Info:    Checking defaults for OML/cmm/m/it on input line 30.
LaTeX Font Info:    ... okay on input line 30.
LaTeX Font Info:    Checking defaults for T1/cmr/m/n on input line 30.
LaTeX Font Info:    ... okay on input line 30.
LaTeX Font Info:    Checking defaults for OT1/cmr/m/n on input line 30.
LaTeX Font Info:    ... okay on input line 30.
LaTeX Font Info:    Checking defaults for OMS/cmsy/m/n on input line 30.
LaTeX Font Info:    ... okay on input line 30.
LaTeX Font Info:    Checking defaults for OMX/cmex/m/n on input line 30.
LaTeX Font Info:    ... okay on input line 30.
LaTeX Font Info:    Checking defaults for U/cmr/m/n on input line 30.
LaTeX Font Info:    ... okay on input line 30.
LaTeX Font Info:    Checking defaults for TS1/cmr/m/n on input line 30.
LaTeX Font Info:    ... okay on input line 30.

(c:/texlive/2017/texmf-dist/tex/context/base/mkii/supp-pdf.mkii
[Loading MPS to PDF converter (version 2006.09.02).]
\scratchcounter=\count105
\scratchdimen=\dimen117
\scratchbox=\box29
\nofMPsegments=\count106
\nofMParguments=\count107
\everyMPshowfont=\toks17
\MPscratchCnt=\count108
\MPscratchDim=\dimen118
\MPnumerator=\count109
\makeMPintoPDFobject=\count110
\everyMPtoPDFconversion=\toks18
) (c:/texlive/2017/texmf-dist/tex/latex/oberdiek/epstopdf-base.sty
Package: epstopdf-base 2016/05/15 v2.6 Base part for package epstopdf

(c:/texlive/2017/texmf-dist/tex/generic/oberdiek/infwarerr.sty
Package: infwarerr 2016/05/16 v1.4 Providing info/warning/error messages (HO)
)
(c:/texlive/2017/texmf-dist/tex/latex/oberdiek/grfext.sty
Package: grfext 2016/05/16 v1.2 Manage graphics extensions (HO)

(c:/texlive/2017/texmf-dist/tex/generic/oberdiek/kvdefinekeys.sty
Package: kvdefinekeys 2016/05/16 v1.4 Define keys (HO)

(c:/texlive/2017/texmf-dist/tex/generic/oberdiek/ltxcmds.sty
Package: ltxcmds 2016/05/16 v1.23 LaTeX kernel commands for general use (HO)
)))
(c:/texlive/2017/texmf-dist/tex/latex/oberdiek/kvoptions.sty
Package: kvoptions 2016/05/16 v3.12 Key value format for package options (HO)

(c:/texlive/2017/texmf-dist/tex/generic/oberdiek/kvsetkeys.sty
Package: kvsetkeys 2016/05/16 v1.17 Key value parser (HO)

(c:/texlive/2017/texmf-dist/tex/generic/oberdiek/etexcmds.sty
Package: etexcmds 2016/05/16 v1.6 Avoid name clashes with e-TeX commands (HO)

(c:/texlive/2017/texmf-dist/tex/generic/oberdiek/ifluatex.sty
Package: ifluatex 2016/05/16 v1.4 Provides the ifluatex switch (HO)
Package ifluatex Info: LuaTeX not detected.
)
Package etexcmds Info: Could not find \expanded.
(etexcmds)             That can mean that you are not using pdfTeX 1.50 or
(etexcmds)             that some package has redefined \expanded.
(etexcmds)             In the latter case, load this package earlier.
)))
(c:/texlive/2017/texmf-dist/tex/generic/oberdiek/pdftexcmds.sty
Package: pdftexcmds 2017/03/19 v0.25 Utility functions of pdfTeX for LuaTeX (HO
)

(c:/texlive/2017/texmf-dist/tex/generic/oberdiek/ifpdf.sty
Package: ifpdf 2017/03/15 v3.2 Provides the ifpdf switch
)
Package pdftexcmds Info: LuaTeX not detected.
Package pdftexcmds Info: \pdf@primitive is available.
Package pdftexcmds Info: \pdf@ifprimitive is available.
Package pdftexcmds Info: \pdfdraftmode found.
)
Package epstopdf-base Info: Redefining graphics rule for `.eps' on input line 4
38.
Package grfext Info: Graphics extension search list:
(grfext)             [.pdf,.png,.jpg,.mps,.jpeg,.jbig2,.jb2,.PDF,.PNG,.JPG,.JPE
G,.JBIG2,.JB2,.eps]
(grfext)             \AppendGraphicsExtensions on input line 456.

(c:/texlive/2017/texmf-dist/tex/latex/latexconfig/epstopdf-sys.cfg
File: epstopdf-sys.cfg 2010/07/13 v1.3 Configuration of (r)epstopdf for TeX Liv
e
))
LaTeX Font Info:    External font `cmex10' loaded for size
(Font)              <7> on input line 51.
LaTeX Font Info:    External font `cmex10' loaded for size
(Font)              <5> on input line 51.
LaTeX Font Info:    Calculating math sizes for size <8.5> on input line 51.
LaTeX Font Info:    External font `cmex10' loaded for size
(Font)              <8.5> on input line 51.
LaTeX Font Info:    External font `cmex10' loaded for size
(Font)              <5.94997> on input line 51.
LaTeX Font Info:    External font `cmex10' loaded for size
(Font)              <4.25> on input line 51.

Overfull \hbox (0.50847pt too wide) in paragraph at lines 81--94
\OT1/cmr/m/n/10 mains a re-search ef-fort; phe-nomo-log-i-cal fire spread mod-
 []

[1{c:/texlive/2017/texmf-var/fonts/map/pdftex/updmap/pdftex.map}


]
<inputsExampleSingleFire.png, id=12, 867.24pt x 433.62pt>
File: inputsExampleSingleFire.png Graphic file (type png)
<use inputsExampleSingleFire.png>
Package pdftex.def Info: inputsExampleSingleFire.png  used on input line 175.
(pdftex.def)             Requested size: 470.24849pt x 235.12393pt.

Overfull \hbox (3.31416pt too wide) in paragraph at lines 205--226
\OT1/cmr/m/n/10 mal/Albini [3, 10], and 40 de-vel-oped by Scott [4]. Rother-
 []

[2]
<exampleFirePerimiter0.png, id=21, 2710.125pt x 2274.99937pt>
File: exampleFirePerimiter0.png Graphic file (type png)
<use exampleFirePerimiter0.png>
Package pdftex.def Info: exampleFirePerimiter0.png  used on input line 286.
(pdftex.def)             Requested size: 222.74849pt x 186.96771pt.
<convnet_fig.png, id=22, 1556.81625pt x 355.3275pt>
File: convnet_fig.png Graphic file (type png)
<use convnet_fig.png>
Package pdftex.def Info: convnet_fig.png  used on input line 361.
(pdftex.def)             Requested size: 470.24849pt x 107.33101pt.

Underfull \vbox (badness 3826) has occurred while \output is active []

 [3 <./inputsExampleSingleFire.png> <./exampleFirePerimiter0.png>]
Overfull \hbox (0.81396pt too wide) in paragraph at lines 385--390
[]\OT1/cmr/m/n/10 The net-work ar-chi-tec-ture was built us-ing the Python
 []


Overfull \hbox (0.34177pt too wide) in paragraph at lines 385--390
\OT1/cmr/m/n/10 3 bind-ings for Ten-sor-Flow [15]. The net-work was trained
 []

<exampleNetworkRaw0.png, id=28, 2195.95406pt x 1761.58125pt>
File: exampleNetworkRaw0.png Graphic file (type png)
<use exampleNetworkRaw0.png>
Package pdftex.def Info: exampleNetworkRaw0.png  used on input line 408.
(pdftex.def)             Requested size: 113.84789pt x 91.30975pt.
<exampleNetworkProcessed0.png, id=29, 2195.95406pt x 1761.58125pt>
File: exampleNetworkProcessed0.png Graphic file (type png)
<use exampleNetworkProcessed0.png>
Package pdftex.def Info: exampleNetworkProcessed0.png  used on input line 410.
(pdftex.def)             Requested size: 113.84789pt x 91.30975pt.

Underfull \vbox (badness 2042) has occurred while \output is active []

<exampleFusedFire0.png, id=30, 2090.56032pt x 1762.33406pt>
File: exampleFusedFire0.png Graphic file (type png)
<use exampleFusedFire0.png>
Package pdftex.def Info: exampleFusedFire0.png  used on input line 452.
(pdftex.def)             Requested size: 146.76886pt x 123.75pt.
File: exampleNetworkProcessed0.png Graphic file (type png)
<use exampleNetworkProcessed0.png>
Package pdftex.def Info: exampleNetworkProcessed0.png  used on input line 454.
(pdftex.def)             Requested size: 154.2351pt x 123.75pt.
<exampleNetworkError0.png, id=31, 1743.51375pt x 1710.39pt>
File: exampleNetworkError0.png Graphic file (type png)
<use exampleNetworkError0.png>
Package pdftex.def Info: exampleNetworkError0.png  used on input line 456.
(pdftex.def)             Requested size: 126.12881pt x 123.75pt.
<exampleFusedFire1.png, id=32, 2090.56032pt x 1762.33406pt>
File: exampleFusedFire1.png Graphic file (type png)
<use exampleFusedFire1.png>
Package pdftex.def Info: exampleFusedFire1.png  used on input line 458.
(pdftex.def)             Requested size: 146.76886pt x 123.75pt.
<exampleNetworkProcessed1.png, id=33, 2195.95406pt x 1761.58125pt>
File: exampleNetworkProcessed1.png Graphic file (type png)
<use exampleNetworkProcessed1.png>
Package pdftex.def Info: exampleNetworkProcessed1.png  used on input line 460.
(pdftex.def)             Requested size: 154.2351pt x 123.75pt.
<exampleNetworkError1.png, id=34, 1743.51375pt x 1710.39pt>
File: exampleNetworkError1.png Graphic file (type png)
<use exampleNetworkError1.png>
Package pdftex.def Info: exampleNetworkError1.png  used on input line 462.
(pdftex.def)             Requested size: 126.12881pt x 123.75pt.
<exampleFusedFire2.png, id=35, 2090.56032pt x 1762.33406pt>
File: exampleFusedFire2.png Graphic file (type png)
<use exampleFusedFire2.png>
Package pdftex.def Info: exampleFusedFire2.png  used on input line 464.
(pdftex.def)             Requested size: 146.76886pt x 123.75pt.
<exampleNetworkProcessed2.png, id=36, 2195.95406pt x 1761.58125pt>
File: exampleNetworkProcessed2.png Graphic file (type png)
<use exampleNetworkProcessed2.png>
Package pdftex.def Info: exampleNetworkProcessed2.png  used on input line 466.
(pdftex.def)             Requested size: 154.2351pt x 123.75pt.
<exampleNetworkError2.png, id=37, 1743.51375pt x 1710.39pt>
File: exampleNetworkError2.png Graphic file (type png)
<use exampleNetworkError2.png>
Package pdftex.def Info: exampleNetworkError2.png  used on input line 468.
(pdftex.def)             Requested size: 126.12881pt x 123.75pt.
<exampleFusedFire3.png, id=38, 2090.56032pt x 1762.33406pt>
File: exampleFusedFire3.png Graphic file (type png)
<use exampleFusedFire3.png>
Package pdftex.def Info: exampleFusedFire3.png  used on input line 470.
(pdftex.def)             Requested size: 146.76886pt x 123.75pt.
<exampleNetworkProcessed3.png, id=39, 2195.95406pt x 1761.58125pt>
File: exampleNetworkProcessed3.png Graphic file (type png)
<use exampleNetworkProcessed3.png>
Package pdftex.def Info: exampleNetworkProcessed3.png  used on input line 472.
(pdftex.def)             Requested size: 154.2351pt x 123.75pt.
<exampleNetworkError3.png, id=40, 1743.51375pt x 1710.39pt>
File: exampleNetworkError3.png Graphic file (type png)
<use exampleNetworkError3.png>
Package pdftex.def Info: exampleNetworkError3.png  used on input line 474.
(pdftex.def)             Requested size: 126.12881pt x 123.75pt.
<exampleFusedFire4.png, id=41, 2090.56032pt x 1762.33406pt>
File: exampleFusedFire4.png Graphic file (type png)
<use exampleFusedFire4.png>
Package pdftex.def Info: exampleFusedFire4.png  used on input line 476.
(pdftex.def)             Requested size: 146.76886pt x 123.75pt.
<exampleNetworkProcessed4.png, id=42, 2195.95406pt x 1761.58125pt>
File: exampleNetworkProcessed4.png Graphic file (type png)
<use exampleNetworkProcessed4.png>
Package pdftex.def Info: exampleNetworkProcessed4.png  used on input line 478.
(pdftex.def)             Requested size: 154.2351pt x 123.75pt.
<exampleNetworkError4.png, id=43, 1743.51375pt x 1710.39pt>
File: exampleNetworkError4.png Graphic file (type png)
<use exampleNetworkError4.png>
Package pdftex.def Info: exampleNetworkError4.png  used on input line 480.
(pdftex.def)             Requested size: 126.12881pt x 123.75pt.
 [4 <./convnet_fig.png> <./exampleNetworkRaw0.png> <./exampleNetworkProcessed0.
png>]
[5 <./exampleFusedFire0.png> <./exampleNetworkError0.png> <./exampleFusedFire1.
png> <./exampleNetworkProcessed1.png> <./exampleNetworkError1.png> <./exampleFu
sedFire2.png> <./exampleNetworkProcessed2.png> <./exampleNetworkError2.png> <./
exampleFusedFire3.png> <./exampleNetworkProcessed3.png> <./exampleNetworkError3
.png> <./exampleFusedFire4.png> <./exampleNetworkProcessed4.png> <./exampleNetw
orkError4.png>]
<rothermelFull_cnnModel3_F_pdf.png, id=67, 867.24pt x 867.24pt>
File: rothermelFull_cnnModel3_F_pdf.png Graphic file (type png)
<use rothermelFull_cnnModel3_F_pdf.png>
Package pdftex.def Info: rothermelFull_cnnModel3_F_pdf.png  used on input line 
533.
(pdftex.def)             Requested size: 222.74849pt x 222.73785pt.
<rothermelFull_cnnModel3_fireSize_when_F_lt_080.png, id=68, 867.24pt x 867.24pt
>
File: rothermelFull_cnnModel3_fireSize_when_F_lt_080.png Graphic file (type png
)
<use rothermelFull_cnnModel3_fireSize_when_F_lt_080.png>
Package pdftex.def Info: rothermelFull_cnnModel3_fireSize_when_F_lt_080.png  us
ed on input line 575.
(pdftex.def)             Requested size: 222.74849pt x 222.73785pt.
<optimalThreshold.png, id=69, 867.24pt x 867.24pt>
File: optimalThreshold.png Graphic file (type png)
<use optimalThreshold.png>
Package pdftex.def Info: optimalThreshold.png  used on input line 585.
(pdftex.def)             Requested size: 222.74849pt x 222.73785pt.
<timeAnalysis_simulation0.png, id=70, 867.24pt x 867.24pt>
File: timeAnalysis_simulation0.png Graphic file (type png)
<use timeAnalysis_simulation0.png>
Package pdftex.def Info: timeAnalysis_simulation0.png  used on input line 595.
(pdftex.def)             Requested size: 123.74178pt x 123.75pt.
<timeAnalysis_network0.png, id=71, 867.24pt x 867.24pt>
File: timeAnalysis_network0.png Graphic file (type png)
<use timeAnalysis_network0.png>
Package pdftex.def Info: timeAnalysis_network0.png  used on input line 597.
(pdftex.def)             Requested size: 123.74178pt x 123.75pt.
<timeAnalysis_fmeasure0.png, id=72, 867.24pt x 867.24pt>
File: timeAnalysis_fmeasure0.png Graphic file (type png)
<use timeAnalysis_fmeasure0.png>
Package pdftex.def Info: timeAnalysis_fmeasure0.png  used on input line 599.
(pdftex.def)             Requested size: 123.74178pt x 123.75pt.
<timeAnalysis_simulation1.png, id=73, 867.24pt x 867.24pt>
File: timeAnalysis_simulation1.png Graphic file (type png)
<use timeAnalysis_simulation1.png>
Package pdftex.def Info: timeAnalysis_simulation1.png  used on input line 601.
(pdftex.def)             Requested size: 123.74178pt x 123.75pt.
<timeAnalysis_network1.png, id=74, 867.24pt x 867.24pt>
File: timeAnalysis_network1.png Graphic file (type png)
<use timeAnalysis_network1.png>
Package pdftex.def Info: timeAnalysis_network1.png  used on input line 603.
(pdftex.def)             Requested size: 123.74178pt x 123.75pt.
<timeAnalysis_fmeasure1.png, id=75, 867.24pt x 867.24pt>
File: timeAnalysis_fmeasure1.png Graphic file (type png)
<use timeAnalysis_fmeasure1.png>
Package pdftex.def Info: timeAnalysis_fmeasure1.png  used on input line 605.
(pdftex.def)             Requested size: 123.74178pt x 123.75pt.
<timeAnalysis_simulation2.png, id=76, 867.24pt x 867.24pt>
File: timeAnalysis_simulation2.png Graphic file (type png)
<use timeAnalysis_simulation2.png>
Package pdftex.def Info: timeAnalysis_simulation2.png  used on input line 607.
(pdftex.def)             Requested size: 123.74178pt x 123.75pt.
<timeAnalysis_network2.png, id=77, 867.24pt x 867.24pt>
File: timeAnalysis_network2.png Graphic file (type png)
<use timeAnalysis_network2.png>
Package pdftex.def Info: timeAnalysis_network2.png  used on input line 609.
(pdftex.def)             Requested size: 123.74178pt x 123.75pt.
<timeAnalysis_fmeasure2.png, id=78, 867.24pt x 867.24pt>
File: timeAnalysis_fmeasure2.png Graphic file (type png)
<use timeAnalysis_fmeasure2.png>
Package pdftex.def Info: timeAnalysis_fmeasure2.png  used on input line 611.
(pdftex.def)             Requested size: 123.74178pt x 123.75pt.
<timeAnalysis_simulation3.png, id=79, 867.24pt x 867.24pt>
File: timeAnalysis_simulation3.png Graphic file (type png)
<use timeAnalysis_simulation3.png>
Package pdftex.def Info: timeAnalysis_simulation3.png  used on input line 613.
(pdftex.def)             Requested size: 123.74178pt x 123.75pt.
<timeAnalysis_network3.png, id=80, 867.24pt x 867.24pt>
File: timeAnalysis_network3.png Graphic file (type png)
<use timeAnalysis_network3.png>
Package pdftex.def Info: timeAnalysis_network3.png  used on input line 615.
(pdftex.def)             Requested size: 123.74178pt x 123.75pt.
<timeAnalysis_fmeasure3.png, id=81, 867.24pt x 867.24pt>
File: timeAnalysis_fmeasure3.png Graphic file (type png)
<use timeAnalysis_fmeasure3.png>
Package pdftex.def Info: timeAnalysis_fmeasure3.png  used on input line 617.
(pdftex.def)             Requested size: 123.74178pt x 123.75pt.
<timeAnalysis_simulation4.png, id=82, 867.24pt x 867.24pt>
File: timeAnalysis_simulation4.png Graphic file (type png)
<use timeAnalysis_simulation4.png>
Package pdftex.def Info: timeAnalysis_simulation4.png  used on input line 619.
(pdftex.def)             Requested size: 123.74178pt x 123.75pt.
<timeAnalysis_network4.png, id=83, 867.24pt x 867.24pt>
File: timeAnalysis_network4.png Graphic file (type png)
<use timeAnalysis_network4.png>
Package pdftex.def Info: timeAnalysis_network4.png  used on input line 621.
(pdftex.def)             Requested size: 123.74178pt x 123.75pt.
<timeAnalysis_fmeasure4.png, id=84, 867.24pt x 867.24pt>
File: timeAnalysis_fmeasure4.png Graphic file (type png)
<use timeAnalysis_fmeasure4.png>
Package pdftex.def Info: timeAnalysis_fmeasure4.png  used on input line 623.
(pdftex.def)             Requested size: 123.74178pt x 123.75pt.

Overfull \hbox (0.20291pt too wide) in paragraph at lines 631--638
\OT1/cmr/m/n/10 de-ter-mined by cal-cu-lat-ing the mean F-measure for CNN
 []

[6 <./rothermelFull_cnnModel3_F_pdf.png> <./rothermelFull_cnnModel3_fireSize_wh
en_F_lt_080.png> <./optimalThreshold.png>] [7 <./timeAnalysis_simulation0.png> 
<./timeAnalysis_network0.png> <./timeAnalysis_fmeasure0.png> <./timeAnalysis_si
mulation1.png> <./timeAnalysis_network1.png> <./timeAnalysis_fmeasure1.png> <./
timeAnalysis_simulation2.png> <./timeAnalysis_network2.png> <./timeAnalysis_fme
asure2.png> <./timeAnalysis_simulation3.png> <./timeAnalysis_network3.png> <./t
imeAnalysis_fmeasure3.png> <./timeAnalysis_simulation4.png> <./timeAnalysis_net
work4.png> <./timeAnalysis_fmeasure4.png>]
Overfull \hbox (6.81406pt too wide) in paragraph at lines 698--709
\OT1/cmr/m/n/10 in this work was gen-er-ated us-ing a phe-nomo-log-i-cal model,

 []

(./hodges2018_wildland.bbl
Underfull \hbox (badness 1028) in paragraph at lines 73--84
\OT1/cmr/m/n/8.5 F. Vi^^Segas, O. Vinyals, P. War-den, M. Wat-ten-berg,
 []

) [8] (./hodges2018_wildland.aux) ) 
Here is how much of TeX's memory you used:
 2375 strings out of 492980
 38433 string characters out of 6136223
 93483 words of memory out of 5000000
 5898 multiletter control sequences out of 15000+600000
 10353 words of font info for 36 fonts, out of 8000000 for 9000
 1141 hyphenation exceptions out of 8191
 41i,8n,33p,392b,230s stack positions out of 5000i,500n,10000p,200000b,80000s
<c:/texlive/2017/texmf-dist/fonts/type1/publ
ic/amsfonts/cm/cmbsy10.pfb><c:/texlive/2017/texmf-dist/fonts/type1/public/amsfo
nts/cm/cmbx10.pfb><c:/texlive/2017/texmf-dist/fonts/type1/public/amsfonts/cm/cm
bx12.pfb><c:/texlive/2017/texmf-dist/fonts/type1/public/amsfonts/cm/cmbx8.pfb><
c:/texlive/2017/texmf-dist/fonts/type1/public/amsfonts/cm/cmmi10.pfb><c:/texliv
e/2017/texmf-dist/fonts/type1/public/amsfonts/cm/cmmi7.pfb><c:/texlive/2017/tex
mf-dist/fonts/type1/public/amsfonts/cm/cmmi8.pfb><c:/texlive/2017/texmf-dist/fo
nts/type1/public/amsfonts/cm/cmr10.pfb><c:/texlive/2017/texmf-dist/fonts/type1/
public/amsfonts/cm/cmr8.pfb><c:/texlive/2017/texmf-dist/fonts/type1/public/amsf
onts/cm/cmsy10.pfb><c:/texlive/2017/texmf-dist/fonts/type1/public/amsfonts/cm/c
msy7.pfb><c:/texlive/2017/texmf-dist/fonts/type1/public/amsfonts/cm/cmti8.pfb>
Output written on hodges2018_wildland.pdf (8 pages, 5570281 bytes).
PDF statistics:
 154 PDF objects out of 1000 (max. 8388607)
 57 compressed objects within 1 object stream
 0 named destinations out of 1000 (max. 500000)
 186 words of extra memory for PDF output out of 10000 (max. 10000000)

